<?xml version="1.0" encoding="UTF-8"?>
<testsuite name="hackathon.d2hd.getGoingApp.freeServiceTests.FreeServiceTests" tests="1" skipped="0" failures="0" errors="0" timestamp="2022-11-20T08:17:27" hostname="Seans-MacBook-Pro-2.local" time="21.493">
  <properties/>
  <testcase name="testTweetDtoListToPremiumHashtagList()" classname="hackathon.d2hd.getGoingApp.freeServiceTests.FreeServiceTests" time="21.493"/>
  <system-out><![CDATA[16:17:17.129 [Test worker] DEBUG org.springframework.test.context.BootstrapUtils - Instantiating CacheAwareContextLoaderDelegate from class [org.springframework.test.context.cache.DefaultCacheAwareContextLoaderDelegate]
16:17:17.140 [Test worker] DEBUG org.springframework.test.context.BootstrapUtils - Instantiating BootstrapContext using constructor [public org.springframework.test.context.support.DefaultBootstrapContext(java.lang.Class,org.springframework.test.context.CacheAwareContextLoaderDelegate)]
16:17:17.187 [Test worker] DEBUG org.springframework.test.context.BootstrapUtils - Instantiating TestContextBootstrapper for test class [hackathon.d2hd.getGoingApp.freeServiceTests.FreeServiceTests] from class [org.springframework.boot.test.context.SpringBootTestContextBootstrapper]
16:17:17.201 [Test worker] INFO org.springframework.boot.test.context.SpringBootTestContextBootstrapper - Neither @ContextConfiguration nor @ContextHierarchy found for test class [hackathon.d2hd.getGoingApp.freeServiceTests.FreeServiceTests], using SpringBootContextLoader
16:17:17.204 [Test worker] DEBUG org.springframework.test.context.support.AbstractContextLoader - Did not detect default resource location for test class [hackathon.d2hd.getGoingApp.freeServiceTests.FreeServiceTests]: class path resource [hackathon/d2hd/getGoingApp/freeServiceTests/FreeServiceTests-context.xml] does not exist
16:17:17.205 [Test worker] DEBUG org.springframework.test.context.support.AbstractContextLoader - Did not detect default resource location for test class [hackathon.d2hd.getGoingApp.freeServiceTests.FreeServiceTests]: class path resource [hackathon/d2hd/getGoingApp/freeServiceTests/FreeServiceTestsContext.groovy] does not exist
16:17:17.206 [Test worker] INFO org.springframework.test.context.support.AbstractContextLoader - Could not detect default resource locations for test class [hackathon.d2hd.getGoingApp.freeServiceTests.FreeServiceTests]: no resource found for suffixes {-context.xml, Context.groovy}.
16:17:17.206 [Test worker] INFO org.springframework.test.context.support.AnnotationConfigContextLoaderUtils - Could not detect default configuration classes for test class [hackathon.d2hd.getGoingApp.freeServiceTests.FreeServiceTests]: FreeServiceTests does not declare any static, non-private, non-final, nested classes annotated with @Configuration.
16:17:17.263 [Test worker] DEBUG org.springframework.test.context.support.ActiveProfilesUtils - Could not find an 'annotation declaring class' for annotation type [org.springframework.test.context.ActiveProfiles] and class [hackathon.d2hd.getGoingApp.freeServiceTests.FreeServiceTests]
16:17:17.333 [Test worker] DEBUG org.springframework.context.annotation.ClassPathScanningCandidateComponentProvider - Identified candidate component class: file [/Users/seanmarinas/appetizer/getGoingApp/build/classes/java/main/hackathon/d2hd/getGoingApp/GetGoingApplication.class]
16:17:17.334 [Test worker] INFO org.springframework.boot.test.context.SpringBootTestContextBootstrapper - Found @SpringBootConfiguration hackathon.d2hd.getGoingApp.GetGoingApplication for test class hackathon.d2hd.getGoingApp.freeServiceTests.FreeServiceTests
16:17:17.454 [Test worker] DEBUG org.springframework.boot.test.context.SpringBootTestContextBootstrapper - @TestExecutionListeners is not present for class [hackathon.d2hd.getGoingApp.freeServiceTests.FreeServiceTests]: using defaults.
16:17:17.455 [Test worker] INFO org.springframework.boot.test.context.SpringBootTestContextBootstrapper - Loaded default TestExecutionListener class names from location [META-INF/spring.factories]: [org.springframework.boot.test.autoconfigure.restdocs.RestDocsTestExecutionListener, org.springframework.boot.test.autoconfigure.web.client.MockRestServiceServerResetTestExecutionListener, org.springframework.boot.test.autoconfigure.web.servlet.MockMvcPrintOnlyOnFailureTestExecutionListener, org.springframework.boot.test.autoconfigure.web.servlet.WebDriverTestExecutionListener, org.springframework.boot.test.autoconfigure.webservices.client.MockWebServiceServerTestExecutionListener, org.springframework.boot.test.mock.mockito.MockitoTestExecutionListener, org.springframework.boot.test.mock.mockito.ResetMocksTestExecutionListener, org.springframework.test.context.web.ServletTestExecutionListener, org.springframework.test.context.support.DirtiesContextBeforeModesTestExecutionListener, org.springframework.test.context.event.ApplicationEventsTestExecutionListener, org.springframework.test.context.support.DependencyInjectionTestExecutionListener, org.springframework.test.context.support.DirtiesContextTestExecutionListener, org.springframework.test.context.transaction.TransactionalTestExecutionListener, org.springframework.test.context.jdbc.SqlScriptsTestExecutionListener, org.springframework.test.context.event.EventPublishingTestExecutionListener]
16:17:17.480 [Test worker] INFO org.springframework.boot.test.context.SpringBootTestContextBootstrapper - Using TestExecutionListeners: [org.springframework.test.context.web.ServletTestExecutionListener@78fb9a67, org.springframework.test.context.support.DirtiesContextBeforeModesTestExecutionListener@73ff4fae, org.springframework.test.context.event.ApplicationEventsTestExecutionListener@21aa6d6c, org.springframework.boot.test.mock.mockito.MockitoTestExecutionListener@b968a76, org.springframework.boot.test.autoconfigure.SpringBootDependencyInjectionTestExecutionListener@2f9a01c1, org.springframework.test.context.support.DirtiesContextTestExecutionListener@2611b9a3, org.springframework.test.context.transaction.TransactionalTestExecutionListener@54227100, org.springframework.test.context.jdbc.SqlScriptsTestExecutionListener@6b5894c8, org.springframework.test.context.event.EventPublishingTestExecutionListener@1433046b, org.springframework.boot.test.autoconfigure.restdocs.RestDocsTestExecutionListener@3f446bef, org.springframework.boot.test.autoconfigure.web.client.MockRestServiceServerResetTestExecutionListener@7829b776, org.springframework.boot.test.autoconfigure.web.servlet.MockMvcPrintOnlyOnFailureTestExecutionListener@5778826f, org.springframework.boot.test.autoconfigure.web.servlet.WebDriverTestExecutionListener@5b64c4b7, org.springframework.boot.test.autoconfigure.webservices.client.MockWebServiceServerTestExecutionListener@4763c727, org.springframework.boot.test.mock.mockito.ResetMocksTestExecutionListener@72445aba]
16:17:17.486 [Test worker] DEBUG org.springframework.test.context.support.AbstractDirtiesContextTestExecutionListener - Before test class: context [DefaultTestContext@6d24ffa1 testClass = FreeServiceTests, testInstance = [null], testMethod = [null], testException = [null], mergedContextConfiguration = [WebMergedContextConfiguration@65a4798f testClass = FreeServiceTests, locations = '{}', classes = '{class hackathon.d2hd.getGoingApp.GetGoingApplication}', contextInitializerClasses = '[]', activeProfiles = '{}', propertySourceLocations = '{}', propertySourceProperties = '{org.springframework.boot.test.context.SpringBootTestContextBootstrapper=true}', contextCustomizers = set[org.springframework.boot.test.autoconfigure.actuate.metrics.MetricsExportContextCustomizerFactory$DisableMetricExportContextCustomizer@3b7d3a38, org.springframework.boot.test.autoconfigure.properties.PropertyMappingContextCustomizer@0, org.springframework.boot.test.autoconfigure.web.servlet.WebDriverContextCustomizerFactory$Customizer@61544ae6, org.springframework.boot.test.context.filter.ExcludeFilterContextCustomizer@5ba88be8, org.springframework.boot.test.json.DuplicateJsonObjectContextCustomizerFactory$DuplicateJsonObjectContextCustomizer@4b23c30a, org.springframework.boot.test.mock.mockito.MockitoContextCustomizer@0, org.springframework.boot.test.web.client.TestRestTemplateContextCustomizer@63fbfaeb, org.springframework.boot.test.web.reactive.server.WebTestClientContextCustomizer@7f0d96f2, org.springframework.boot.test.context.SpringBootTestArgs@1, org.springframework.boot.test.context.SpringBootTestWebEnvironment@757acd7b], resourceBasePath = 'src/main/webapp', contextLoader = 'org.springframework.boot.test.context.SpringBootContextLoader', parent = [null]], attributes = map['org.springframework.test.context.web.ServletTestExecutionListener.activateListener' -> true]], class annotated with @DirtiesContext [false] with mode [null].

  .   ____          _            __ _ _
 /\\ / ___'_ __ _ _(_)_ __  __ _ \ \ \ \
( ( )\___ | '_ | '_| | '_ \/ _` | \ \ \ \
 \\/  ___)| |_)| | | | | || (_| |  ) ) ) )
  '  |____| .__|_| |_|_| |_\__, | / / / /
 =========|_|==============|___/=/_/_/_/
 :: Spring Boot ::                (v2.7.5)

2022-11-20 16:17:17.938  INFO 88963 --- [    Test worker] h.d.g.freeServiceTests.FreeServiceTests  : Starting FreeServiceTests using Java 17.0.1 on Seans-MacBook-Pro-2.local with PID 88963 (started by seanmarinas in /Users/seanmarinas/appetizer/getGoingApp)
2022-11-20 16:17:17.943  INFO 88963 --- [    Test worker] h.d.g.freeServiceTests.FreeServiceTests  : No active profile set, falling back to 1 default profile: "default"
2022-11-20 16:17:18.872  INFO 88963 --- [    Test worker] .s.d.r.c.RepositoryConfigurationDelegate : Bootstrapping Spring Data JPA repositories in DEFAULT mode.
2022-11-20 16:17:19.059  INFO 88963 --- [    Test worker] .s.d.r.c.RepositoryConfigurationDelegate : Finished Spring Data repository scanning in 179 ms. Found 2 JPA repository interfaces.
2022-11-20 16:17:19.711  INFO 88963 --- [    Test worker] o.hibernate.jpa.internal.util.LogHelper  : HHH000204: Processing PersistenceUnitInfo [name: default]
2022-11-20 16:17:19.751  INFO 88963 --- [    Test worker] org.hibernate.Version                    : HHH000412: Hibernate ORM core version 5.6.12.Final
2022-11-20 16:17:19.932  INFO 88963 --- [    Test worker] o.hibernate.annotations.common.Version   : HCANN000001: Hibernate Commons Annotations {5.1.2.Final}
2022-11-20 16:17:20.036  INFO 88963 --- [    Test worker] com.zaxxer.hikari.HikariDataSource       : HikariPool-1 - Starting...
2022-11-20 16:17:24.714  INFO 88963 --- [    Test worker] com.zaxxer.hikari.HikariDataSource       : HikariPool-1 - Start completed.
2022-11-20 16:17:24.730  INFO 88963 --- [    Test worker] org.hibernate.dialect.Dialect            : HHH000400: Using dialect: org.hibernate.dialect.PostgreSQLDialect
2022-11-20 16:17:26.183  INFO 88963 --- [    Test worker] o.h.e.t.j.p.i.JtaPlatformInitiator       : HHH000490: Using JtaPlatform implementation: [org.hibernate.engine.transaction.jta.platform.internal.NoJtaPlatform]
2022-11-20 16:17:26.192  INFO 88963 --- [    Test worker] j.LocalContainerEntityManagerFactoryBean : Initialized JPA EntityManagerFactory for persistence unit 'default'
2022-11-20 16:17:26.979  WARN 88963 --- [    Test worker] JpaBaseConfiguration$JpaWebConfiguration : spring.jpa.open-in-view is enabled by default. Therefore, database queries may be performed during view rendering. Explicitly configure spring.jpa.open-in-view to disable this warning
2022-11-20 16:17:27.665  INFO 88963 --- [    Test worker] h.d.g.freeServiceTests.FreeServiceTests  : Started FreeServiceTests in 10.127 seconds (JVM running for 11.367)
{"result":"Success","version":"v2","next_token":"scroll:thGAVUV0VFVBaAwNOdy_7xnywWgIDQxbeC8p8sEnEV6IZ6FYCJehgEVVNFUjUBFQAVAAA=","data":[{"value1":"https://twitter.com/1445652005834395648/status/1594243518201008128","value2":"cats","value3":"Gladys Beak ]]>&#x1f422;<![CDATA[","value4":"1445652005834395648","value5":"GrumpyBeak","value6":"https://pbs.twimg.com/profile_images/1587258753828765698/dJ58_lLc_normal.jpg","value7":"@DorothytheCatto @Hatim37371088 @DomainDoris @scrag_cat @holly_pickle1 @ButtonsBertie No, Icelandic. He is Kátur’s dogbeast brofur… ]]>&#x1f422;<![CDATA[]]>&#x1f415;<![CDATA[","value8":"0","value9":"0","value10":"0","value11":"0","value12":"[]","value13":"[]","value14":"2022-11-20 17:17:29 +0900","value15":"[{\"content\":\"@DorothytheCatto @Hatim37371088 @DomainDoris @scrag_cat @holly_pickle1 @ButtonsBertie No, Icelandic.\",\"score\":0.10000000149011612},{\"content\":\"He is Kátur’s dogbeast brofur…\",\"score\":0.0},{\"content\":\"]]>&#x1f422;<![CDATA[]]>&#x1f415;<![CDATA[\",\"score\":0.10000000149011612}]"},{"value1":"https://twitter.com/1448513375026040843/status/1594243520696528896","value2":"cats","value3":"]]>&#x1f30c;<![CDATA[]]>&#x1f408;<![CDATA[夜乃猫]]>&#x1f943;<![CDATA[]]>&#x1f43e;<![CDATA[]]>&#x1f408;<![CDATA[]]>&#x1f338;<![CDATA[]]>&#x1f98a;<![CDATA[]]>&#x1f431;<![CDATA[♪̊̈‧͙]]>&#x1f340;<![CDATA[]]>&#x1f408;<![CDATA[☕❄","value4":"1448513375026040843","value5":"yorunoneko4649","value6":"https://pbs.twimg.com/profile_images/1584106861380263937/jawiSQRn_normal.jpg","value7":"昨日の猫さん達]]>&#x1f431;<![CDATA[]]>&#x1f43e;<![CDATA[\n\nYesterday's cats ]]>&#x1f431;<![CDATA[]]>&#x1f43e;<![CDATA[ https://t.co/KeAC5RLfgs","value8":"0","value9":"0","value10":"0","value11":"0","value12":"[\"https://pbs.twimg.com/media/Fh_j8RkUcAASXP5.jpg\", \"https://pbs.twimg.com/media/Fh_j-ksUUAAazxx.jpg\", \"https://pbs.twimg.com/media/Fh_kAm9UcAAPwIv.jpg\", \"https://pbs.twimg.com/media/Fh_kCFOVIAAhxkm.jpg\"]","value13":"[\"https://twitter.com/yorunoneko4649/status/1594243520696528896/photo/1\", \"https://twitter.com/yorunoneko4649/status/1594243520696528896/photo/1\", \"https://twitter.com/yorunoneko4649/status/1594243520696528896/photo/1\", \"https://twitter.com/yorunoneko4649/status/1594243520696528896/photo/1\"]","value14":"2022-11-20 17:17:29 +0900","value15":"[{\"content\":\"昨日の猫さん達]]>&#x1f431;<![CDATA[]]>&#x1f43e;<![CDATA[\",\"score\":0.0},{\"content\":\"Yesterday's cats ]]>&#x1f431;<![CDATA[]]>&#x1f43e;<![CDATA[ https://t.co/KeAC5RLfgs\",\"score\":0.10000000149011612}]"},{"value1":"https://twitter.com/1213493048828514304/status/1594243460781019139","value2":"cats","value3":"Ahmed Aljumaily","value4":"1213493048828514304","value5":"Ahmedha71487784","value6":"https://pbs.twimg.com/profile_images/1500448480791252999/uZKwFb2K_normal.jpg","value7":"@Cat__97_ هي بكلشي انقلبت الموازين","value8":"0","value9":"0","value10":"0","value11":"0","value12":"[]","value13":"[]","value14":"2022-11-20 17:17:15 +0900","value15":"[{\"content\":\"@Cat__97_ هي بكلشي انقلبت الموازين\",\"score\":0.30000001192092896}]"},{"value1":"https://twitter.com/1544929147172302848/status/1594243478296592385","value2":"cats","value3":"なりなり]]>&#x1f3b2;<![CDATA[","value4":"1544929147172302848","value5":"dai_narinari","value6":"https://pbs.twimg.com/profile_images/1544930778555240448/KCJ7m_Dv_normal.jpg","value7":"@Princess_cat_K でも颯くん⁈ってビックリはしました]]>&#x1fae3;<![CDATA[","value8":"0","value9":"0","value10":"0","value11":"0","value12":"[]","value13":"[]","value14":"2022-11-20 17:17:19 +0900","value15":"[{\"content\":\"@Princess_cat_K でも颯くん⁈\",\"score\":0.5},{\"content\":\"ってビックリはしました]]>&#x1fae3;<![CDATA[\",\"score\":0.0}]"},{"value1":"https://twitter.com/957287603853656064/status/1594243523578298368","value2":"cats","value3":"Sqtorin]]>&#x1f940;<![CDATA[]]>&#x13212;<![CDATA[","value4":"957287603853656064","value5":"ra__plus","value6":"https://pbs.twimg.com/profile_images/1575880929452908544/RhkovX9k_normal.jpg","value7":"@Cat_RQ22 視点綺麗やね","value8":"0","value9":"0","value10":"0","value11":"0","value12":"[]","value13":"[]","value14":"2022-11-20 17:17:30 +0900","value15":"[{\"content\":\"@Cat_RQ22 視点綺麗やね\",\"score\":0.5}]"},{"value1":"https://twitter.com/2615470801/status/1594243501776310272","value2":"cats","value3":"Beri","value4":"2615470801","value5":"Berittv","value6":"https://pbs.twimg.com/profile_images/1531658063920627717/sVfvnmLH_normal.jpg","value7":"people playing pokemon, did you evolve your week cat into a speed cat?","value8":"0","value9":"0","value10":"0","value11":"0","value12":"[]","value13":"[]","value14":"2022-11-20 17:17:25 +0900","value15":"[{\"content\":\"people playing pokemon, did you evolve your week cat into a speed cat?\",\"score\":-0.10000000149011612}]"},{"value1":"https://twitter.com/1570640539548266497/status/1593465258731253761","value2":"cats","value3":"비욘드","value4":"1570640539548266497","value5":"lgcare_beyond","value6":"https://pbs.twimg.com/profile_images/1571690365186605057/Ii5VG3zs_normal.jpg","value7":"사랑이란 뭘까?\n\n#REFILLYOURHEART #리필유어하트 #비욘드","value8":"159","value9":"45","value10":"3","value11":"76","value12":"[]","value13":"[]","value14":"2022-11-18 13:44:57 +0900","value15":"[{\"content\":\"사랑이란 뭘까?\",\"score\":0.20000000298023224},{\"content\":\"#REFILLYOURHEART #리필유어하트 #비욘드\",\"score\":0.20000000298023224}]"},{"value1":"https://twitter.com/1555627228507127808/status/1594243478808137730","value2":"cats","value3":"Rahmatullah Raihan","value4":"1555627228507127808","value5":"Rahmatu11088542","value6":"https://pbs.twimg.com/profile_images/1587348543110529025/dF4VYfuM_normal.jpg","value7":"@LimaAmiri7 @ArzwSghdt @l58330369 @ShamaMuhammada2 @team_cats_info @bhar_shr @shazya155698422 @Afgan07706627 @prkhh_ghzl @Dr__Malikooo @Dr_haya_janat هو همداسی ده چرګان هم پلاستیکی عشقی سره نیږدی دی ]]>&#x1f61c;<![CDATA[]]>&#x1f602;<![CDATA[]]>&#x1f602;<![CDATA[]]>&#x1f64f;<![CDATA[","value8":"0","value9":"0","value10":"0","value11":"0","value12":"[]","value13":"[]","value14":"2022-11-20 17:17:19 +0900","value15":"\"\""},{"value1":"https://twitter.com/974035896142987264/status/1594243496697040896","value2":"cats","value3":"氷(ヒョウ)","value4":"974035896142987264","value5":"hyoryu_7414","value6":"https://pbs.twimg.com/profile_images/993458622704189441/pcwHZQDF_normal.jpg","value7":"@cat_bird_427 色々なゲームで何度かやってて大変ってのを理解してるのもありますが単純に私自信が主に立って仕切ったりするのが向いてないので]]>&#x1f607;<![CDATA[\n副とかでサポートするのはかなり向いてるんですけどねw","value8":"0","value9":"0","value10":"0","value11":"0","value12":"[]","value13":"[]","value14":"2022-11-20 17:17:23 +0900","value15":"[{\"content\":\"@cat_bird_427 色々なゲームで何度かやってて大変ってのを理解してるのもありますが単純に私自信が主に立って仕切ったりするのが向いてないので]]>&#x1f607;<![CDATA[\\n副とかでサポートするのはかなり向いてるんですけどねw\",\"score\":-0.20000000298023224}]"},{"value1":"https://twitter.com/1413802146378694657/status/1594243474181992448","value2":"cats","value3":"Global Data Partners","value4":"1413802146378694657","value5":"gdata_partners","value6":"https://pbs.twimg.com/profile_images/1414914743974957057/kYDruVAU_normal.jpg","value7":"What Is a Dead Cat Bounce? #Innovation #webdesign via https://t.co/0T2lHSXWt7 https://t.co/31lAHBi5T9","value8":"0","value9":"0","value10":"0","value11":"0","value12":"[]","value13":"[]","value14":"2022-11-20 17:17:18 +0900","value15":"[{\"content\":\"What Is a Dead Cat Bounce?\",\"score\":0.0},{\"content\":\"#Innovation #webdesign via https://t.co/0T2lHSXWt7 https://t.co/31lAHBi5T9\",\"score\":0.10000000149011612}]"}]}
10
2
]]></system-out>
  <system-err><![CDATA[]]></system-err>
</testsuite>
