<?xml version="1.0" encoding="UTF-8"?>
<testsuite name="hackathon.d2hd.getGoingApp.hashtagServiceTests.HashtagServiceTests" tests="1" skipped="0" failures="0" errors="0" timestamp="2022-11-18T21:40:57" hostname="Seans-MBP-2" time="315.31">
  <properties/>
  <testcase name="testSevenDayTop5HashtagDtoListByCount()" classname="hackathon.d2hd.getGoingApp.hashtagServiceTests.HashtagServiceTests" time="315.31"/>
  <system-out><![CDATA[05:40:44.958 [Test worker] DEBUG org.springframework.test.context.BootstrapUtils - Instantiating CacheAwareContextLoaderDelegate from class [org.springframework.test.context.cache.DefaultCacheAwareContextLoaderDelegate]
05:40:44.985 [Test worker] DEBUG org.springframework.test.context.BootstrapUtils - Instantiating BootstrapContext using constructor [public org.springframework.test.context.support.DefaultBootstrapContext(java.lang.Class,org.springframework.test.context.CacheAwareContextLoaderDelegate)]
05:40:45.084 [Test worker] DEBUG org.springframework.test.context.BootstrapUtils - Instantiating TestContextBootstrapper for test class [hackathon.d2hd.getGoingApp.hashtagServiceTests.HashtagServiceTests] from class [org.springframework.boot.test.context.SpringBootTestContextBootstrapper]
05:40:45.161 [Test worker] INFO org.springframework.boot.test.context.SpringBootTestContextBootstrapper - Neither @ContextConfiguration nor @ContextHierarchy found for test class [hackathon.d2hd.getGoingApp.hashtagServiceTests.HashtagServiceTests], using SpringBootContextLoader
05:40:45.167 [Test worker] DEBUG org.springframework.test.context.support.AbstractContextLoader - Did not detect default resource location for test class [hackathon.d2hd.getGoingApp.hashtagServiceTests.HashtagServiceTests]: class path resource [hackathon/d2hd/getGoingApp/hashtagServiceTests/HashtagServiceTests-context.xml] does not exist
05:40:45.168 [Test worker] DEBUG org.springframework.test.context.support.AbstractContextLoader - Did not detect default resource location for test class [hackathon.d2hd.getGoingApp.hashtagServiceTests.HashtagServiceTests]: class path resource [hackathon/d2hd/getGoingApp/hashtagServiceTests/HashtagServiceTestsContext.groovy] does not exist
05:40:45.168 [Test worker] INFO org.springframework.test.context.support.AbstractContextLoader - Could not detect default resource locations for test class [hackathon.d2hd.getGoingApp.hashtagServiceTests.HashtagServiceTests]: no resource found for suffixes {-context.xml, Context.groovy}.
05:40:45.169 [Test worker] INFO org.springframework.test.context.support.AnnotationConfigContextLoaderUtils - Could not detect default configuration classes for test class [hackathon.d2hd.getGoingApp.hashtagServiceTests.HashtagServiceTests]: HashtagServiceTests does not declare any static, non-private, non-final, nested classes annotated with @Configuration.
05:40:45.255 [Test worker] DEBUG org.springframework.test.context.support.ActiveProfilesUtils - Could not find an 'annotation declaring class' for annotation type [org.springframework.test.context.ActiveProfiles] and class [hackathon.d2hd.getGoingApp.hashtagServiceTests.HashtagServiceTests]
05:40:45.349 [Test worker] DEBUG org.springframework.context.annotation.ClassPathScanningCandidateComponentProvider - Identified candidate component class: file [/Users/seanmarinas/appetizer/getGoingApp/build/classes/java/main/hackathon/d2hd/getGoingApp/GetGoingApplication.class]
05:40:45.350 [Test worker] INFO org.springframework.boot.test.context.SpringBootTestContextBootstrapper - Found @SpringBootConfiguration hackathon.d2hd.getGoingApp.GetGoingApplication for test class hackathon.d2hd.getGoingApp.hashtagServiceTests.HashtagServiceTests
05:40:45.502 [Test worker] DEBUG org.springframework.boot.test.context.SpringBootTestContextBootstrapper - @TestExecutionListeners is not present for class [hackathon.d2hd.getGoingApp.hashtagServiceTests.HashtagServiceTests]: using defaults.
05:40:45.503 [Test worker] INFO org.springframework.boot.test.context.SpringBootTestContextBootstrapper - Loaded default TestExecutionListener class names from location [META-INF/spring.factories]: [org.springframework.boot.test.autoconfigure.restdocs.RestDocsTestExecutionListener, org.springframework.boot.test.autoconfigure.web.client.MockRestServiceServerResetTestExecutionListener, org.springframework.boot.test.autoconfigure.web.servlet.MockMvcPrintOnlyOnFailureTestExecutionListener, org.springframework.boot.test.autoconfigure.web.servlet.WebDriverTestExecutionListener, org.springframework.boot.test.autoconfigure.webservices.client.MockWebServiceServerTestExecutionListener, org.springframework.boot.test.mock.mockito.MockitoTestExecutionListener, org.springframework.boot.test.mock.mockito.ResetMocksTestExecutionListener, org.springframework.test.context.web.ServletTestExecutionListener, org.springframework.test.context.support.DirtiesContextBeforeModesTestExecutionListener, org.springframework.test.context.event.ApplicationEventsTestExecutionListener, org.springframework.test.context.support.DependencyInjectionTestExecutionListener, org.springframework.test.context.support.DirtiesContextTestExecutionListener, org.springframework.test.context.transaction.TransactionalTestExecutionListener, org.springframework.test.context.jdbc.SqlScriptsTestExecutionListener, org.springframework.test.context.event.EventPublishingTestExecutionListener]
05:40:45.528 [Test worker] INFO org.springframework.boot.test.context.SpringBootTestContextBootstrapper - Using TestExecutionListeners: [org.springframework.test.context.web.ServletTestExecutionListener@6f603e89, org.springframework.test.context.support.DirtiesContextBeforeModesTestExecutionListener@2756c0a7, org.springframework.test.context.event.ApplicationEventsTestExecutionListener@350ec41e, org.springframework.boot.test.mock.mockito.MockitoTestExecutionListener@69637b10, org.springframework.boot.test.autoconfigure.SpringBootDependencyInjectionTestExecutionListener@71984c3, org.springframework.test.context.support.DirtiesContextTestExecutionListener@165b2f7f, org.springframework.test.context.transaction.TransactionalTestExecutionListener@5536379e, org.springframework.test.context.jdbc.SqlScriptsTestExecutionListener@277f7dd3, org.springframework.test.context.event.EventPublishingTestExecutionListener@6c8bca63, org.springframework.boot.test.autoconfigure.restdocs.RestDocsTestExecutionListener@2364305a, org.springframework.boot.test.autoconfigure.web.client.MockRestServiceServerResetTestExecutionListener@470a696f, org.springframework.boot.test.autoconfigure.web.servlet.MockMvcPrintOnlyOnFailureTestExecutionListener@1bc715b8, org.springframework.boot.test.autoconfigure.web.servlet.WebDriverTestExecutionListener@292d1c71, org.springframework.boot.test.autoconfigure.webservices.client.MockWebServiceServerTestExecutionListener@2b491fee, org.springframework.boot.test.mock.mockito.ResetMocksTestExecutionListener@3f1c5af9]
05:40:45.531 [Test worker] DEBUG org.springframework.test.context.support.AbstractDirtiesContextTestExecutionListener - Before test class: context [DefaultTestContext@16f7b4af testClass = HashtagServiceTests, testInstance = [null], testMethod = [null], testException = [null], mergedContextConfiguration = [WebMergedContextConfiguration@7adf16aa testClass = HashtagServiceTests, locations = '{}', classes = '{class hackathon.d2hd.getGoingApp.GetGoingApplication}', contextInitializerClasses = '[]', activeProfiles = '{}', propertySourceLocations = '{}', propertySourceProperties = '{org.springframework.boot.test.context.SpringBootTestContextBootstrapper=true}', contextCustomizers = set[org.springframework.boot.test.autoconfigure.actuate.metrics.MetricsExportContextCustomizerFactory$DisableMetricExportContextCustomizer@3cdf2c61, org.springframework.boot.test.autoconfigure.properties.PropertyMappingContextCustomizer@0, org.springframework.boot.test.autoconfigure.web.servlet.WebDriverContextCustomizerFactory$Customizer@524f3b3a, org.springframework.boot.test.context.filter.ExcludeFilterContextCustomizer@77102b91, org.springframework.boot.test.json.DuplicateJsonObjectContextCustomizerFactory$DuplicateJsonObjectContextCustomizer@3f9342d4, org.springframework.boot.test.mock.mockito.MockitoContextCustomizer@0, org.springframework.boot.test.web.client.TestRestTemplateContextCustomizer@3ad2e17, org.springframework.boot.test.web.reactive.server.WebTestClientContextCustomizer@3c7c886c, org.springframework.boot.test.context.SpringBootTestArgs@1, org.springframework.boot.test.context.SpringBootTestWebEnvironment@dd0c991], resourceBasePath = 'src/main/webapp', contextLoader = 'org.springframework.boot.test.context.SpringBootContextLoader', parent = [null]], attributes = map['org.springframework.test.context.web.ServletTestExecutionListener.activateListener' -> true]], class annotated with @DirtiesContext [false] with mode [null].

  .   ____          _            __ _ _
 /\\ / ___'_ __ _ _(_)_ __  __ _ \ \ \ \
( ( )\___ | '_ | '_| | '_ \/ _` | \ \ \ \
 \\/  ___)| |_)| | | | | || (_| |  ) ) ) )
  '  |____| .__|_| |_|_| |_\__, | / / / /
 =========|_|==============|___/=/_/_/_/
 :: Spring Boot ::                (v2.7.5)

2022-11-19 05:40:46.027  INFO 75781 --- [    Test worker] h.d.g.h.HashtagServiceTests              : Starting HashtagServiceTests using Java 17.0.1 on Seans-MBP-2 with PID 75781 (started by seanmarinas in /Users/seanmarinas/appetizer/getGoingApp)
2022-11-19 05:40:46.029  INFO 75781 --- [    Test worker] h.d.g.h.HashtagServiceTests              : No active profile set, falling back to 1 default profile: "default"
2022-11-19 05:40:47.894  INFO 75781 --- [    Test worker] .s.d.r.c.RepositoryConfigurationDelegate : Bootstrapping Spring Data JPA repositories in DEFAULT mode.
2022-11-19 05:40:48.215  INFO 75781 --- [    Test worker] .s.d.r.c.RepositoryConfigurationDelegate : Finished Spring Data repository scanning in 254 ms. Found 2 JPA repository interfaces.
2022-11-19 05:40:49.339  INFO 75781 --- [    Test worker] o.hibernate.jpa.internal.util.LogHelper  : HHH000204: Processing PersistenceUnitInfo [name: default]
2022-11-19 05:40:49.455  INFO 75781 --- [    Test worker] org.hibernate.Version                    : HHH000412: Hibernate ORM core version 5.6.12.Final
2022-11-19 05:40:49.712  INFO 75781 --- [    Test worker] o.hibernate.annotations.common.Version   : HCANN000001: Hibernate Commons Annotations {5.1.2.Final}
2022-11-19 05:40:49.831  INFO 75781 --- [    Test worker] com.zaxxer.hikari.HikariDataSource       : HikariPool-1 - Starting...
2022-11-19 05:40:53.260  INFO 75781 --- [    Test worker] com.zaxxer.hikari.HikariDataSource       : HikariPool-1 - Start completed.
2022-11-19 05:40:53.281  INFO 75781 --- [    Test worker] org.hibernate.dialect.Dialect            : HHH000400: Using dialect: org.hibernate.dialect.PostgreSQLDialect
2022-11-19 05:40:55.175  INFO 75781 --- [    Test worker] o.h.e.t.j.p.i.JtaPlatformInitiator       : HHH000490: Using JtaPlatform implementation: [org.hibernate.engine.transaction.jta.platform.internal.NoJtaPlatform]
2022-11-19 05:40:55.191  INFO 75781 --- [    Test worker] j.LocalContainerEntityManagerFactoryBean : Initialized JPA EntityManagerFactory for persistence unit 'default'
2022-11-19 05:40:56.551  WARN 75781 --- [    Test worker] JpaBaseConfiguration$JpaWebConfiguration : spring.jpa.open-in-view is enabled by default. Therefore, database queries may be performed during view rendering. Explicitly configure spring.jpa.open-in-view to disable this warning
2022-11-19 05:40:57.561  INFO 75781 --- [    Test worker] h.d.g.h.HashtagServiceTests              : Started HashtagServiceTests in 11.985 seconds (JVM running for 14.295)
27.609312633621748 46.8309970822826
]]></system-out>
  <system-err><![CDATA[]]></system-err>
</testsuite>
