<?xml version="1.0" encoding="UTF-8"?>
<testsuite name="hackathon.d2hd.getGoingApp.hashtagServiceTests.HashtagServiceTests" tests="1" skipped="0" failures="0" errors="0" timestamp="2022-11-18T17:16:50" hostname="Seans-MBP-2" time="2.36">
  <properties/>
  <testcase name="testWeeklyCount()" classname="hackathon.d2hd.getGoingApp.hashtagServiceTests.HashtagServiceTests" time="2.36"/>
  <system-out><![CDATA[01:16:38.926 [Test worker] DEBUG org.springframework.test.context.BootstrapUtils - Instantiating CacheAwareContextLoaderDelegate from class [org.springframework.test.context.cache.DefaultCacheAwareContextLoaderDelegate]
01:16:38.937 [Test worker] DEBUG org.springframework.test.context.BootstrapUtils - Instantiating BootstrapContext using constructor [public org.springframework.test.context.support.DefaultBootstrapContext(java.lang.Class,org.springframework.test.context.CacheAwareContextLoaderDelegate)]
01:16:39.001 [Test worker] DEBUG org.springframework.test.context.BootstrapUtils - Instantiating TestContextBootstrapper for test class [hackathon.d2hd.getGoingApp.hashtagServiceTests.HashtagServiceTests] from class [org.springframework.boot.test.context.SpringBootTestContextBootstrapper]
01:16:39.026 [Test worker] INFO org.springframework.boot.test.context.SpringBootTestContextBootstrapper - Neither @ContextConfiguration nor @ContextHierarchy found for test class [hackathon.d2hd.getGoingApp.hashtagServiceTests.HashtagServiceTests], using SpringBootContextLoader
01:16:39.034 [Test worker] DEBUG org.springframework.test.context.support.AbstractContextLoader - Did not detect default resource location for test class [hackathon.d2hd.getGoingApp.hashtagServiceTests.HashtagServiceTests]: class path resource [hackathon/d2hd/getGoingApp/hashtagServiceTests/HashtagServiceTests-context.xml] does not exist
01:16:39.036 [Test worker] DEBUG org.springframework.test.context.support.AbstractContextLoader - Did not detect default resource location for test class [hackathon.d2hd.getGoingApp.hashtagServiceTests.HashtagServiceTests]: class path resource [hackathon/d2hd/getGoingApp/hashtagServiceTests/HashtagServiceTestsContext.groovy] does not exist
01:16:39.037 [Test worker] INFO org.springframework.test.context.support.AbstractContextLoader - Could not detect default resource locations for test class [hackathon.d2hd.getGoingApp.hashtagServiceTests.HashtagServiceTests]: no resource found for suffixes {-context.xml, Context.groovy}.
01:16:39.041 [Test worker] INFO org.springframework.test.context.support.AnnotationConfigContextLoaderUtils - Could not detect default configuration classes for test class [hackathon.d2hd.getGoingApp.hashtagServiceTests.HashtagServiceTests]: HashtagServiceTests does not declare any static, non-private, non-final, nested classes annotated with @Configuration.
01:16:39.135 [Test worker] DEBUG org.springframework.test.context.support.ActiveProfilesUtils - Could not find an 'annotation declaring class' for annotation type [org.springframework.test.context.ActiveProfiles] and class [hackathon.d2hd.getGoingApp.hashtagServiceTests.HashtagServiceTests]
01:16:39.250 [Test worker] DEBUG org.springframework.context.annotation.ClassPathScanningCandidateComponentProvider - Identified candidate component class: file [/Users/seanmarinas/appetizer/getGoingApp/build/classes/java/main/hackathon/d2hd/getGoingApp/GetGoingApplication.class]
01:16:39.251 [Test worker] INFO org.springframework.boot.test.context.SpringBootTestContextBootstrapper - Found @SpringBootConfiguration hackathon.d2hd.getGoingApp.GetGoingApplication for test class hackathon.d2hd.getGoingApp.hashtagServiceTests.HashtagServiceTests
01:16:39.405 [Test worker] DEBUG org.springframework.boot.test.context.SpringBootTestContextBootstrapper - @TestExecutionListeners is not present for class [hackathon.d2hd.getGoingApp.hashtagServiceTests.HashtagServiceTests]: using defaults.
01:16:39.408 [Test worker] INFO org.springframework.boot.test.context.SpringBootTestContextBootstrapper - Loaded default TestExecutionListener class names from location [META-INF/spring.factories]: [org.springframework.boot.test.autoconfigure.restdocs.RestDocsTestExecutionListener, org.springframework.boot.test.autoconfigure.web.client.MockRestServiceServerResetTestExecutionListener, org.springframework.boot.test.autoconfigure.web.servlet.MockMvcPrintOnlyOnFailureTestExecutionListener, org.springframework.boot.test.autoconfigure.web.servlet.WebDriverTestExecutionListener, org.springframework.boot.test.autoconfigure.webservices.client.MockWebServiceServerTestExecutionListener, org.springframework.boot.test.mock.mockito.MockitoTestExecutionListener, org.springframework.boot.test.mock.mockito.ResetMocksTestExecutionListener, org.springframework.test.context.web.ServletTestExecutionListener, org.springframework.test.context.support.DirtiesContextBeforeModesTestExecutionListener, org.springframework.test.context.event.ApplicationEventsTestExecutionListener, org.springframework.test.context.support.DependencyInjectionTestExecutionListener, org.springframework.test.context.support.DirtiesContextTestExecutionListener, org.springframework.test.context.transaction.TransactionalTestExecutionListener, org.springframework.test.context.jdbc.SqlScriptsTestExecutionListener, org.springframework.test.context.event.EventPublishingTestExecutionListener]
01:16:39.434 [Test worker] INFO org.springframework.boot.test.context.SpringBootTestContextBootstrapper - Using TestExecutionListeners: [org.springframework.test.context.web.ServletTestExecutionListener@773cbf4f, org.springframework.test.context.support.DirtiesContextBeforeModesTestExecutionListener@6b54655f, org.springframework.test.context.event.ApplicationEventsTestExecutionListener@665e9289, org.springframework.boot.test.mock.mockito.MockitoTestExecutionListener@7d3430a7, org.springframework.boot.test.autoconfigure.SpringBootDependencyInjectionTestExecutionListener@6f603e89, org.springframework.test.context.support.DirtiesContextTestExecutionListener@2756c0a7, org.springframework.test.context.transaction.TransactionalTestExecutionListener@350ec41e, org.springframework.test.context.jdbc.SqlScriptsTestExecutionListener@69637b10, org.springframework.test.context.event.EventPublishingTestExecutionListener@71984c3, org.springframework.boot.test.autoconfigure.restdocs.RestDocsTestExecutionListener@165b2f7f, org.springframework.boot.test.autoconfigure.web.client.MockRestServiceServerResetTestExecutionListener@5536379e, org.springframework.boot.test.autoconfigure.web.servlet.MockMvcPrintOnlyOnFailureTestExecutionListener@277f7dd3, org.springframework.boot.test.autoconfigure.web.servlet.WebDriverTestExecutionListener@6c8bca63, org.springframework.boot.test.autoconfigure.webservices.client.MockWebServiceServerTestExecutionListener@2364305a, org.springframework.boot.test.mock.mockito.ResetMocksTestExecutionListener@470a696f]
01:16:39.438 [Test worker] DEBUG org.springframework.test.context.support.AbstractDirtiesContextTestExecutionListener - Before test class: context [DefaultTestContext@3fc9dfc5 testClass = HashtagServiceTests, testInstance = [null], testMethod = [null], testException = [null], mergedContextConfiguration = [WebMergedContextConfiguration@40258c2f testClass = HashtagServiceTests, locations = '{}', classes = '{class hackathon.d2hd.getGoingApp.GetGoingApplication}', contextInitializerClasses = '[]', activeProfiles = '{}', propertySourceLocations = '{}', propertySourceProperties = '{org.springframework.boot.test.context.SpringBootTestContextBootstrapper=true}', contextCustomizers = set[org.springframework.boot.test.autoconfigure.actuate.metrics.MetricsExportContextCustomizerFactory$DisableMetricExportContextCustomizer@30e868be, org.springframework.boot.test.autoconfigure.properties.PropertyMappingContextCustomizer@0, org.springframework.boot.test.autoconfigure.web.servlet.WebDriverContextCustomizerFactory$Customizer@2c4d1ac, org.springframework.boot.test.context.filter.ExcludeFilterContextCustomizer@41e68d87, org.springframework.boot.test.json.DuplicateJsonObjectContextCustomizerFactory$DuplicateJsonObjectContextCustomizer@45312be2, org.springframework.boot.test.mock.mockito.MockitoContextCustomizer@0, org.springframework.boot.test.web.client.TestRestTemplateContextCustomizer@7749bf93, org.springframework.boot.test.web.reactive.server.WebTestClientContextCustomizer@29ca3d04, org.springframework.boot.test.context.SpringBootTestArgs@1, org.springframework.boot.test.context.SpringBootTestWebEnvironment@71c3b41], resourceBasePath = 'src/main/webapp', contextLoader = 'org.springframework.boot.test.context.SpringBootContextLoader', parent = [null]], attributes = map['org.springframework.test.context.web.ServletTestExecutionListener.activateListener' -> true]], class annotated with @DirtiesContext [false] with mode [null].

  .   ____          _            __ _ _
 /\\ / ___'_ __ _ _(_)_ __  __ _ \ \ \ \
( ( )\___ | '_ | '_| | '_ \/ _` | \ \ \ \
 \\/  ___)| |_)| | | | | || (_| |  ) ) ) )
  '  |____| .__|_| |_|_| |_\__, | / / / /
 =========|_|==============|___/=/_/_/_/
 :: Spring Boot ::                (v2.7.5)

2022-11-19 01:16:39.932  INFO 70492 --- [    Test worker] h.d.g.h.HashtagServiceTests              : Starting HashtagServiceTests using Java 17.0.1 on Seans-MBP-2 with PID 70492 (started by seanmarinas in /Users/seanmarinas/appetizer/getGoingApp)
2022-11-19 01:16:39.936  INFO 70492 --- [    Test worker] h.d.g.h.HashtagServiceTests              : No active profile set, falling back to 1 default profile: "default"
2022-11-19 01:16:41.254  INFO 70492 --- [    Test worker] .s.d.r.c.RepositoryConfigurationDelegate : Bootstrapping Spring Data JPA repositories in DEFAULT mode.
2022-11-19 01:16:41.499  INFO 70492 --- [    Test worker] .s.d.r.c.RepositoryConfigurationDelegate : Finished Spring Data repository scanning in 225 ms. Found 2 JPA repository interfaces.
2022-11-19 01:16:42.466  INFO 70492 --- [    Test worker] o.hibernate.jpa.internal.util.LogHelper  : HHH000204: Processing PersistenceUnitInfo [name: default]
2022-11-19 01:16:42.531  INFO 70492 --- [    Test worker] org.hibernate.Version                    : HHH000412: Hibernate ORM core version 5.6.12.Final
2022-11-19 01:16:42.789  INFO 70492 --- [    Test worker] o.hibernate.annotations.common.Version   : HCANN000001: Hibernate Commons Annotations {5.1.2.Final}
2022-11-19 01:16:42.978  INFO 70492 --- [    Test worker] com.zaxxer.hikari.HikariDataSource       : HikariPool-1 - Starting...
2022-11-19 01:16:47.582  INFO 70492 --- [    Test worker] com.zaxxer.hikari.HikariDataSource       : HikariPool-1 - Start completed.
2022-11-19 01:16:47.601  INFO 70492 --- [    Test worker] org.hibernate.dialect.Dialect            : HHH000400: Using dialect: org.hibernate.dialect.PostgreSQLDialect
2022-11-19 01:16:48.767  INFO 70492 --- [    Test worker] o.h.e.t.j.p.i.JtaPlatformInitiator       : HHH000490: Using JtaPlatform implementation: [org.hibernate.engine.transaction.jta.platform.internal.NoJtaPlatform]
2022-11-19 01:16:48.785  INFO 70492 --- [    Test worker] j.LocalContainerEntityManagerFactoryBean : Initialized JPA EntityManagerFactory for persistence unit 'default'
2022-11-19 01:16:49.738  WARN 70492 --- [    Test worker] JpaBaseConfiguration$JpaWebConfiguration : spring.jpa.open-in-view is enabled by default. Therefore, database queries may be performed during view rendering. Explicitly configure spring.jpa.open-in-view to disable this warning
2022-11-19 01:16:50.519  INFO 70492 --- [    Test worker] h.d.g.h.HashtagServiceTests              : Started HashtagServiceTests in 11.019 seconds (JVM running for 12.688)
#zoopla: 1
#zionwilliamson: 1
#zhaomingchen: 1
#zazzlemade: 1
#yycrealestate: 1
#yyc: 1
#yvrre: 1
#yvr: 1
#yuenchingmok: 1
#yqu: 1
#yqu: 1
#yqu: 1
#yqu: 1
#yourteam: 1
#yourrealtor: 1
#yourhomesold: 1
#yourhome: 1
#youknowwhenyouknow: 1
#yogiyarntailandme: 1
#yogiyarntailandme: 1
#yogiyarntailandme: 1
#yogiyarntailandme: 1
#yogiyarntailandme: 1
#yogiyarntailandme: 1
#yogiyarntailandme: 1
#yoda: 1
#ymmnewlisting: 1
#ykwyk: 1
#yegre: 1
#yatesusados: 1
#xmen: 1
#xmen: 1
#xmen: 1
#xmen: 1
#xbox360: 1
#xbox: 1
#wwf: 1
#wwe: 1
#wts: 1
#worldgreats: 1
#wordlove: 1
#woodlandhills: 1
#womensfashion: 1
#womensclothing: 1
#womensclothing: 1
#women: 1
#womanstyle: 1
#wolf: 1
#winslowtwp: 1
#windermererealestate: 1
#windermereburien: 1
#wildflower: 1
#wii: 1
#whodoyoucollect: 1
#whodoyoucollect: 1
#whitemountain: 1
#whiteivyrealestate: 1
#whiteivyrealestate: 1
#whatsappdown: 1
#whatsapp: 1
#whalesounds: 1
#whales: 1
#whalenoise: 1
#westwoodshores: 1
#westsidegunn: 1
#westernmichigan: 1
#westernmichigan: 1
#westcovina: 1
#werk: 2
#werk: 2
#welcomehome: 1
#welcomehome: 1
#wednesdayvibe: 1
#weave: 1
#wbgames: 1
#waverly: 1
#waterviews: 1
#watermelonstrawberrycherryvanillablueberry: 1
#waterfronthome: 1
#waterfront: 1
#waterfront: 1
#watch: 1
#wasagabeach: 1
#warm: 1
#walmart: 1
#walmart: 1
#walmart: 1
#walmart: 1
#walmart: 1
#walmart: 1
#walmart: 1
#wallart: 1
#wallart: 1
#wallart: 1
#walken: 1
#vtuberuprsing: 1
#vtubersupport: 1
#vtubersen: 1
#vtuber: 1
#vroid: 1
#vrchatavatar: 1
#vrchat: 1
#volleyball: 1
#vivasothebys: 1
#visualart: 1
#virgilrogersareerealtor: 1
#virgil_your_atx__realtor: 1
#vinylrecords: 1
#vinylrecords: 1
#vinyl: 1
#vinyl: 1
#vinted: 1
#vintagestyle: 1
#vintagestyle: 1
#vintageshopping: 1
#vintageseller: 1
#vintagehome: 1
#vintageetsyshop: 1
#vintageetsy: 1
#vintagedecor: 1
#vintagecollection: 1
#vintageceramics: 1
#vintagecameras: 2
#vintage: 2
#vintage: 2
#vintage: 2
#vintage: 1
#vintage: 1
#vintage: 1
#vintage: 1
#vintage: 1
#villashomes: 1
#vikingyachts: 1
#viking58: 1
#viking1999: 1
#viking: 1
#vidoegraphy: 1
#video: 1
#veterans: 1
#veteran: 1
#ventadebarcos: 1
#venom: 2
#venezuela: 1
#vehicles: 1
#vaughanrealtor: 1
#vaughanrealestate: 1
#vaughanrealestate: 1
#vaughan: 1
#vaughan: 1
#vaughan: 1
#vancouverrealestate: 1
#vancouver: 1
#vancouver: 1
#vallarta: 1
#valentinamorenorealtor: 1
#vacation: 1
#uzamaki: 1
#ute: 1
#utahrealestate: 1
#usedcars: 1
#usedboats: 1
#used: 1
#usa: 2
#usa: 1
#usa: 1
#usa: 1
#urbanladscape: 1
#urbancalgary: 1
#upstateny: 1
#ultimatewarrior: 1
#uk: 1
#typeart: 1
#type: 1
#twhitecenter: 1
#twelvedaysofchristmas: 1
#turquoise: 1
#tuners: 1
#tujunga: 1
#tuesdayvibe: 1
#tryit: 1
#trump: 1
#trucks: 1
#truck: 1
#troutfishing: 1
#tropical: 1
#triple: 1
#trinitycountytx: 1
#trinitycountytx: 1
#triciaturnerpropertiesgroup: 1
#trendingnow: 1
#trendingnow: 1
#trendingnews: 2
#trendingnews: 2
#trending: 1
#trending: 1
#trending: 1
#trec: 1
#travel: 1
#travel: 1
#travel: 1
#transgender: 1
#trans: 1
#tradingcards: 5
#tradingcards: 4
#tradingcards: 4
#tradingcards: 4
#tradingcards: 3
#tradingcards: 2
#tradingcards: 2
#tradingcards: 2
#tradingcards: 2
#tradingcards: 2
#tradingcards: 1
#tradingcards: 1
#tradingcards: 1
#tradingcards: 1
#tradingcards: 1
#tradingcards: 1
#tradingcards: 1
#toys: 1
#toys: 1
#toys: 1
#toys: 1
#toys: 1
#toyotaofnewport: 1
#toyota: 1
#townhouse: 1
#townhouse: 1
#totebag: 5
#torontorealtors: 1
#torontorealtors: 1
#torontorealtor: 1
#torontorealestate: 1
#torontorealestate: 1
#torontorealestate: 1
#toronto: 1
#topps: 1
#topps: 1
#topmodel: 1
#topmerchshop: 1
#topmerchshop: 1
#topdogpropertes: 1
#top: 1
#tommykholmes: 1
#together: 1
#tips: 1
#tips: 1
#timgayda: 1
#timetobuy: 1
#tickets: 1
#thriftgoods: 1
#thriftfinds: 1
#threerivers: 1
#thisistexas: 1
#thewilliamsteam: 1
#therealpeopleinrealestate: 1
#therealdeal: 1
#therealdeal: 1
#therealdeal: 1
#thepaulsteam: 1
#thehobby: 1
#thehelpfulagent: 1
#thefurlangroup: 1
#thebatmanwholaughs: 1
#thc: 1
#thailand: 1
#texas: 1
#texas: 1
#tenants: 1
#teens: 1
#teddybear: 1
#technology: 1
#teatatupeninsula: 1
#teaset: 1
#teamwilliamtatana: 1
#teacher: 1
#teacher: 1
#teacher: 1
#tcg: 1
#tc1: 2
#tangs: 1
#tang: 1
#synonymouswithrealestate: 1
#sworda: 1
#swanseaartists: 1
#suvs: 1
#suv: 1
#sutton: 1
#sustainable: 1
#surfingspot: 1
#surfing: 1
#surfer: 1
#surfartist: 1
#surfart: 1
#supreme: 1
#supportsmallbusiness: 1
#support: 1
#supermario: 1
#supercars: 1
#supercars: 1
#superbowl: 1
#sup: 13
#sunset: 1
#sunland: 1
#sunday: 1
#sugarray: 1
#sudburyontario: 1
#sudburylocal: 1
#success: 1
#subie: 1
#stylus: 1
#style: 2
#style: 1
#style: 1
#sturgis: 1
#stuffedanimal: 1
#stuffedanimal: 1
#student: 1
#student: 1
#student: 1
#streetwearbrand: 1
#streetwear: 1
#streetphotography: 1
#strathcona: 1
#stpetersburgbeach: 1
#stopthespread: 1
#stolzenfels: 1
#stinkysocks: 1
#stingray: 1
#sterlingsilverring: 1
#stayhome: 1
#staycation: 1
#staycation: 1
#staycation: 1
#staugustinerealtors: 1
#staugustinerealtors: 1
#staugustinerealtors: 1
#staugustine: 1
#station: 1
#starwars: 1
#startupquotes: 1
#starboardcre: 1
#stamps: 7
#stamps: 1
#stall: 1
#stahappy: 1
#stahappy: 1
#stahappy: 1
#stafford: 1
#stafford: 1
#stafford: 1
#stafford: 1
#stafford: 1
#srimahligaitownhouse: 1
#springtx: 1
#spotsylvania: 1
#spotsylvania: 1
#spotsylvania: 1
#spotsylvania: 1
#spotsylvania: 1
#spotsylvani: 1
#sportscars: 1
#sportscards: 13
#sportscards: 1
#sportscards: 1
#sportscards: 1
#sportscards: 1
#sportscards: 1
#sportscards: 1
#sportscardinvestors: 1
#sportscardinvestors: 1
#sports: 1
#sports: 1
#sports: 1
#spoonflower: 1
#spoonflower: 1
#spoonflower: 1
#spoonflower: 1
#spoonflower: 1
#spoonflower: 1
#spoonflower: 1
#spiderman: 2
#spiderman: 1
#spiderman: 1
#spermwhales: 1
#specials: 1
#spa: 1
#southgoa: 1
#southernutahrealestatae: 1
#southbend: 1
#southaustralia: 1
#south: 1
#sothebysrealty: 2
#sothebysrealty: 2
#sothebysrealty: 1
#sothebysrealty: 1
#sothebysrealty: 1
#sothebysrealty: 1
#sothebysrealty: 1
#sothebysrealty: 1
#sothebysrealty: 1
#sony: 1
#somoscuba: 2
#solihull: 2
#soldguaranteed: 1
#soldbytammy: 1
#soldbytammy: 1
#soldbytammy: 1
#soldbytammy: 1
#soldbytammy: 1
#soldbyscott: 1
#soldbuydi: 1
#sold: 1
#sold: 1
#sold: 1
#sold: 1
#sold: 1
#sold: 1
#sold: 1
#soilders: 1
#soccer: 13
#sneakers: 1
#smallbusiness: 3
#smallbusiness: 2
#smallbusiness: 1
#smallbusiness: 1
#smallbusiness: 1
#smallbiz: 1
#smallbiz: 1
#skipbeat: 1
#skiing: 1
#skihouse: 1
#skigore: 1
#sketchcover: 2
#sketchbook: 1
#sketch_daily: 1
#sketch: 2
#six16: 1
#sirc: 1
#singlestory: 1
#singers: 1
#simcoecounty: 1
#simcoecounty: 1
#simcoecounty: 1
#siliconvalley: 1
#signs: 1
#sicklerville: 1
#shsu: 1
#showing: 1
#showing: 1
#showercurtain: 1
#show: 1
#shorts: 1
#shorts: 1
#short: 1
#shopsmall: 1
#shopsmall: 1
#shopsmall: 1
#shoppingdaily: 2
#shoppingdaily: 2
#shoppingdaily: 1
#shoppingdaily: 1
#shoppingdaily: 1
#shoppingdaily: 1
#shoppingdaily: 1
#shoppingdaily: 1
#shopping: 2
#shopping: 1
#shopping: 1
#shopping: 1
#shopping: 1
#shopping: 1
#shopping: 1
#shoponline: 1
#shopnow: 3
#shopnow: 2
#shopnow: 2
#shopnow: 1
#shopnow: 1
#shopnow: 1
#shopnow: 1
#shopnow: 1
#shopnow: 1
#shopmycloset: 1
#shopmycloset: 1
#shoplocal: 1
#shopify: 1
#shopify: 1
#shopify: 1
#shopearly: 1
#shopearly: 1
#shopearly: 1
#shop: 1
#shop: 1
#shop: 1
#shoesale: 1
#shoes: 1
#shoes: 1
#shocked: 1
#shipping: 1
#shinola: 1
#sherylnelsonrealtor: 1
#sherylnelsonrealtor: 1
#sherylnelsonrealtor: 1
#sherylnelsongroup: 1
#sherylnelsongroup: 1
#sherylnelsongroup: 1
#shermanoaks: 1
#sheep: 1
#shark: 1
#share: 1
#share: 1
#sewingpattern: 1
#sewing: 1
#sewing: 1
#sewing: 1
#sewing: 1
#sewing: 1
#sewin: 1
#sewin: 1
#sewin: 1
#sewin: 1
#sew: 1
#sew: 1
#sew: 1
#sew: 1
#sevendelecheria: 1
#sevende: 2
#services: 1
#serial: 1
#sellwithsabodish: 1
#sellit: 1
#sellersagents: 1
#sellers: 1
#sellers: 1
#seller: 1
#sell: 1
#sell: 1
#sell: 1
#seksyen9shahalam: 1
#sega: 1
#secret: 1
#seaview: 1
#seaturtle: 1
#seattle: 1
#sealife: 1
#seaanimal: 1
#scute: 2
#scottmcgillivray: 1
#scottcrs: 1
#scotrealty: 2
#scifiart: 1
#scifi: 1
#schoolboy: 1
#scarf: 1
#savelives: 1
#save: 1
#santamaria: 1
#sanleandro: 1
#sanfrancisco: 1
#sanfrancisco: 1
#sanfernandovalleyrealestate: 1
#sandiegorealestate: 1
#sandiego: 1
#sandiego: 1
#sandiego: 1
#sandiego: 1
#sandiego: 1
#sancoale: 1
#samsung: 1
#salvageboats: 1
#salestips: 1
#salesalesale: 1
#sales: 1
#sales: 1
#sales: 1
#saleflame: 1
#sale: 1
#sale: 1
#sale: 1
#sale: 1
#sale: 1
#sale: 1
#sale: 1
#sale: 1
#sale: 1
#sale: 1
#sacramento: 1
#s: 1
#rvparking: 1
#rutherford: 1
#russ: 1
#ruralproperty: 1
#ruralproperty: 1
#ruralproperty: 1
#rurallifestyle: 1
#rural: 1
#rookiecard: 1
#rookiecard: 1
#rookie: 1
#ronnelleharvey: 1
#rocteam: 1
#rockland: 1
#rochesterny: 1
#robordadvantage: 2
#rlp: 1
#rlp: 1
#riovistarealtor: 1
#riovistarealestate: 1
#ring: 1
#rightmove: 1
#rickmiron: 1
#richpeople: 1
#richmondhill: 1
#richmond: 1
#richmond: 1
#richmond: 1
#rhythmandblues: 1
#revenue: 1
#retweet: 1
#retweet: 1
#retweet: 1
#retweet: 1
#retweet: 1
#retrogames: 1
#retrogamer: 1
#retro1low: 1
#retro1: 1
#retro: 1
#restaurantsupply: 1
#restaurant: 1
#resortliving: 1
#residential: 1
#residential: 1
#residential: 1
#residential: 1
#residential: 1
#reptilefossils: 2
#repairs: 1
#renttoown: 1
#renters: 1
#rentalproperty: 1
#rental: 1
#rent: 1
#renovated: 1
#renonv: 1
#renatashomes: 1
#ren: 1
#remaxpremiergroup: 1
#remaxpremiergroup: 1
#remaxpremiergroup: 1
#remaxpremiergroup: 1
#remaxknowskc: 1
#remaxhustles: 1
#remaxhustle: 1
#remaxhallmark: 1
#remaxelite: 1
#remaxcrown: 1
#remaxcrown: 1
#remaxagent: 1
#remax: 1
#remax: 1
#remax: 1
#remax: 1
#remax: 1
#remax: 1
#remax: 1
#remax: 1
#remax: 1
#remax: 1
#relic: 1
#releasejoyland: 1
#refillyourheart: 1
#reeftank: 1
#reeffish: 1
#reef: 1
#redwing: 1
#redditnfts: 1
#redbubble: 1
#red: 1
#recyclablegiftbox: 1
#recreationalliving: 1
#recreationalliving: 1
#realty: 3
#realty: 1
#realty: 1
#realty: 1
#realty: 1
#realty: 1
#realtorsofinstagram: 1
#realtors: 1
#realtors: 1
#realtors: 1
#realtorlife: 3
#realtorlife: 2
#realtorlife: 2
#realtorlife: 2
#realtorlife: 2
#realtorlife: 1
#realtorlife: 1
#realtorlife: 1
#realtorlife: 1
#realtorlife: 1
#realtorlife: 1
#realtorlife: 1
#realtorlife: 1
#realtorlife: 1
#realtorlife: 1
#realtorlife: 1
#realtorlife: 1
#realtorlife: 1
#realtorlife: 1
#realtorlife: 1
#realtorforlife: 1
#realtorforlife: 1
#realtor: 6
#realtor: 6
#realtor: 5
#realtor: 5
#realtor: 3
#realtor: 3
#realtor: 3
#realtor: 3
#realtor: 3
#realtor: 3
#realtor: 3
#realtor: 3
#realtor: 2
#realtor: 2
#realtor: 2
#realtor: 2
#realtor: 2
#realtor: 2
#realtor: 2
#realtor: 2
#realtor: 2
#realtor: 1
#realtor: 1
#realtor: 1
#realtor: 1
#realtor: 1
#realtor: 1
#realize: 1
#realestatewithoutborders: 1
#realestatevideo: 1
#realestatetoronto: 1
#realestateteam: 1
#realestatesales: 1
#realestatesales: 1
#realestatesales: 1
#realestatesales: 1
#realestateproperty: 1
#realestateontario: 1
#realestatenews: 1
#realestatemarket: 1
#realestatelife: 1
#realestatelife: 1
#realestatelife: 1
#realestatelife: 1
#realestateleaders: 1
#realestateinvestor: 1
#realestateinvestor: 1
#realestateinvestor: 1
#realestateinvestor: 1
#realestateinvestments: 1
#realestateinvesting: 1
#realestateinvesting: 1
#realestateindelta: 1
#realestatehumor: 1
#realestategta: 1
#realestategoals: 1
#realestategoals: 1
#realestateagent: 3
#realestateagent: 3
#realestateagent: 2
#realestateagent: 2
#realestateagent: 1
#realestateagent: 1
#realestateagent: 1
#realestateagent: 1
#realestateagent: 1
#realestateagent: 1
#realestateagent: 1
#realestateagent: 1
#realestateagent: 1
#realestateagent: 1
#realestateagent: 1
#realestateagent: 1
#realestate: 7
#realestate: 7
#realestate: 7
#realestate: 7
#realestate: 7
#realestate: 7
#realestate: 7
#realestate: 6
#realestate: 6
#realestate: 6
#realestate: 6
#realestate: 6
#realestate: 6
#realestate: 6
#realestate: 6
#realestate: 5
#realestate: 5
#realestate: 5
#realestate: 4
#realestate: 4
#realestate: 4
#realestate: 4
#realestate: 3
#realestate: 3
#realestate: 3
#realestate: 3
#realestate: 2
#realestate: 2
#realestate: 2
#realestate: 1
#real: 1
#rea: 1
#rea: 1
#rbandme: 1
#rayostovarhomes: 1
#rareapeyc: 1
#rare: 1
#rare: 1
#raptor: 1
#raipura: 1
#raipur: 1
#rachelnirealestate: 1
#rachelni: 1
#quiltsofinstagram: 1
#quiltsofinstagram: 1
#quiltsofinstagram: 1
#quiltsofinstagram: 1
#quilts: 1
#quilts: 1
#quilts: 1
#quilts: 1
#quilting: 1
#quilting: 1
#quilting: 1
#quilting: 1
#quiltersofinstagram: 1
#quiltersofinstagram: 1
#quiltersofinstagram: 1
#quiltersofinstagram: 1
#quilter: 1
#quilter: 1
#quilter: 1
#quilter: 1
#quilt: 1
#quilt: 1
#quilt: 1
#quilt: 1
#qualityyacths: 1
#qld: 1
#qb: 1
#pvlreinforcedconference2022: 1
#pvlreinforcedconference: 1
#pvlreinforced2022: 1
#pvlononesports: 1
#pvl2022: 1
#pvl: 1
#puzzle: 1
#punisher: 1
#pune: 2
#puertovallartamexico: 1
#puertovallarta: 1
#psone: 1
#ps4: 1
#ps2: 1
#proudlycanadian: 1
#proudlycanadian: 1
#proudlycanadian: 1
#property: 5
#property: 4
#property: 4
#property: 4
#property: 3
#property: 3
#property: 3
#property: 3
#property: 3
#property: 3
#property: 3
#property: 3
#property: 3
#property: 3
#property: 2
#property: 2
#property: 2
#property: 2
#property: 2
#property: 2
#property: 2
#property: 1
#property: 1
#property: 1
#property: 1
#property: 1
#property: 1
#property: 1
#properties: 2
#properties: 1
#properties: 1
#properties: 1
#properties: 1
#properties: 1
#properties: 1
#properties: 1
#promotion: 1
#promote: 1
#promo: 1
#promo: 1
#promenade: 1
#projetdion: 1
#profitablebuy: 1
#professionalsnarellan: 1
#produce: 1
#pro: 1
#prius: 1
#print: 1
#print: 1
#pride: 1
#pride: 1
#pricereduced: 1
#pricereduced: 1
#pretty: 2
#pretty: 2
#pretty: 1
#preownedcars: 1
#preowned: 1
#practice: 1
#ppr: 1
#ppr: 1
#poweredbyplace: 1
#poshmark: 1
#poshmark: 1
#portugal: 1
#portrait: 1
#poppy: 1
#pootytangs: 1
#pocketknives: 1
#playstation: 1
#placerville: 1
#pinnacleestateproperties: 1
#pinnacleestateproperties: 1
#pinnacleestateproperties: 1
#pinnacleestateproperties: 1
#pinnacleestateproperties: 1
#pinnacleestateprope: 1
#pinnaclecalabasas: 2
#pinnaclecalabasas: 1
#pinnaclecalabasas: 1
#pinnaclecalabasas: 1
#pinnaclecalabasas: 1
#pin: 1
#pickuptrucks: 1
#photosbyamy: 1
#photos: 1
#photography: 1
#photography: 1
#photography: 1
#photography: 1
#photography: 1
#photography: 1
#photography: 1
#photography: 1
#photography: 1
#photography: 1
#photography: 1
#photography: 1
#photography: 1
#photography: 1
#photography: 1
#phones: 7
#phones: 1
#philadelphia: 1
#pharma: 1
#phantasmravager: 1
#phantasm5: 1
#pets: 1
#personalwealthgoals: 1
#personalwealthgoals: 1
#personalwealthgoals: 1
#personalwealthgoals: 1
#pennsylvania: 1
#pciauctions: 1
#pciauctions: 1
#paulsrealestate: 1
#pauls: 1
#patriotic: 1
#patchwork: 1
#patchwork: 1
#patchwork: 1
#patchwork: 1
#partridge: 1
#parliamentplace: 1
#parkingspace: 1
#parkingspace: 1
#paris: 1
#paramedics: 1
#paramedic: 1
#paperplates: 1
#papermoney: 1
#papermoney: 1
#papermoney: 1
#panininba: 1
#panini: 1
#palmsprings: 1
#palmsprings: 1
#palmsprings: 1
#palmsprings: 1
#palmetto33: 1
#painting: 1
#painting: 1
#pa: 1
#outnow: 1
#outdoors: 1
#ottawasenators: 1
#ottawarealestate: 1
#ottawa: 1
#ottawa: 1
#ottawa: 1
#ota: 1
#oromedonte: 1
#ornaments: 1
#ornaments: 1
#ornament: 1
#orlando: 1
#original: 1
#original: 1
#opportunity: 1
#openseanft: 1
#opensea: 1
#opensea: 1
#openhouses: 1
#openhouse: 2
#openhouse: 1
#openhouse: 1
#openhouse: 1
#openhouse: 1
#openhouse: 1
#openhouse: 1
#openhouse: 1
#openhomes: 1
#openhomes: 1
#ooblikabalaji: 1
#onthemarket: 1
#ontariorealestate: 1
#ontario: 1
#onlinestore: 7
#onlinestore: 1
#onlineshopping: 3
#onlineshopping: 1
#onlineshopping: 1
#onlineauction: 1
#online: 1
#online: 1
#online: 1
#onepiece: 1
#on9sale: 1
#omykoshthisisawesome: 1
#oldskool: 1
#oldcrowstreasures: 1
#ohno: 1
#officespaceforrent: 1
#officeart: 1
#officeart: 1
#offerup: 1
#offers: 2
#october: 4
#oct23: 3
#oct22: 3
#oct21: 3
#oct20: 3
#oct19: 3
#ocean: 1
#oasis: 1
#oakdaleca: 1
#nz: 1
#nys: 1
#nyc: 7
#nyc: 1
#nyc: 1
#ny: 7
#ny: 1
#nurserystyle: 1
#nurseryroom: 1
#nurseryrhymes: 1
#nurseryinspo: 1
#nurseryideas: 1
#nurserydesign: 1
#nurserydecor: 1
#nurseryart: 1
#nursery: 1
#numberoneteaminvaughan: 1
#notions: 1
#note: 1
#northernnv: 1
#northcaloocan: 1
#norcal: 1
#nom247: 1
#nolaliving: 1
#nofilter: 1
#no: 1
#nlr: 1
#nj: 1
#nissan: 1
#nintendo: 1
#nigeria: 1
#nico: 1
#nickfoles: 1
#nhl: 1
#nfts: 1
#nfts: 1
#nftphotography: 1
#nftoftheday: 1
#nftdrop: 1
#nftdrop: 1
#nftcommunity: 1
#nftcommunity: 1
#nftcommuinity: 1
#nftcollection: 1
#nftcollection: 1
#nft: 1
#nft: 1
#nfl: 1
#nfl: 1
#newzealand: 1
#newyorkcity: 1
#newyork: 1
#newyork: 1
#newyear: 1
#newstock: 1
#newsealed: 1
#news: 1
#newporttoyota: 1
#newport: 1
#newlisting: 3
#newlisting: 3
#newlisting: 2
#newlisting: 2
#newlisting: 2
#newlisting: 2
#newlisting: 2
#newlisting: 2
#newlisting: 1
#newlisting: 1
#newlisting: 1
#newlisting: 1
#newlisting: 1
#newlisting: 1
#newlisting: 1
#newlisting: 1
#newlisting: 1
#newlisting: 1
#newjersey: 3
#newhomes: 1
#newhome: 3
#newhome: 3
#newhome: 2
#newhome: 2
#newhome: 2
#newhome: 2
#newhome: 2
#newhome: 2
#newhome: 1
#newhome: 1
#newhome: 1
#newhome: 1
#newhome: 1
#newhome: 1
#newhome: 1
#newhome: 1
#newhome: 1
#newhome: 1
#newhome: 1
#newhome: 1
#newhome: 1
#newhome: 1
#newconstruction: 1
#newbrand: 1
#new: 1
#new: 1
#new: 1
#nevadarealestategroup: 1
#nevadarealestate: 1
#nercado: 2
#negotiations: 1
#nebraska: 1
#nbc: 1
#nba: 1
#nba: 1
#nba: 1
#navajo: 1
#nativeamerican: 1
#nashville: 1
#naruto: 1
#naas: 1
#myartwork: 1
#myart: 1
#mvp: 1
#muskoka: 1
#musichistory: 1
#music: 2
#music: 1
#music: 1
#music: 1
#music: 1
#multipurposebuilding: 1
#mugs: 1
#moving: 1
#moviecamera: 1
#movie: 1
#movement: 1
#moveinready: 1
#move: 1
#mountauburncemetery: 1
#mountain: 1
#motivation: 1
#mortgageswitch: 1
#mortgage: 2
#mortgage: 1
#mortgage: 1
#mortgage: 1
#mortgage: 1
#mortgage: 1
#mortgage: 1
#mortgage: 1
#mortgage: 1
#morris: 1
#moosejaw: 1
#moonphases: 1
#moon: 2
#montanabozeman: 1
#montana: 1
#montana: 1
#monstrous: 1
#monstergirl: 1
#monmouthcountyrealestate: 1
#moneytips: 1
#money: 1
#money: 1
#money: 1
#modernquilt: 1
#modernquilt: 1
#modernquilt: 1
#modernquilt: 1
#modernbroker: 1
#mlb: 1
#mk1: 1
#mixeduse: 1
#misspiggy: 1
#missouri: 1
#misses: 1
#mindful: 1
#mimi: 1
#milliondollarlisting: 1
#midtown: 1
#microsoftsurface: 1
#microsoft: 1
#miamibeach: 1
#miami: 1
#metaverse: 1
#metaverse: 1
#metamask: 1
#merrylandswest: 1
#merrylands: 1
#merch: 1
#mercari: 1
#mercari: 1
#mensfashion: 1
#mensclothing: 1
#memories: 1
#memorabilia: 1
#mega: 1
#medicalmarijuana: 1
#meadow: 1
#maynooth: 1
#matawan: 1
#marylandrealestate: 1
#marveluniverse: 1
#marveluniverse: 1
#marveluniverse: 1
#marveluniverse: 1
#marvellegends: 1
#marvellegends: 1
#marvelcomics: 2
#marvelcomics: 1
#marvelcomics: 1
#marvelcomics: 1
#marvelcomics: 1
#marvelcollector: 1
#marvelcollector: 1
#marvelcollector: 1
#marvelcollector: 1
#marvel: 2
#marvel: 1
#marvel: 1
#marvel: 1
#marvel: 1
#marvel: 1
#marloncadenas: 1
#marketstall: 1
#marketplace: 1
#marketplace: 1
#marketplace: 1
#marketplace: 1
#marketmovers: 1
#marketmovers: 1
#marketing: 1
#marketing: 1
#marketing: 1
#marina: 1
#marijuana: 1
#manga: 1
#man: 1
#malakeigraham: 1
#makearteveryday: 1
#makeanoffer: 1
#makeamovewithme: 1
#makeamovewithme: 1
#makeamovewithme: 1
#makeamovewithme: 1
#maintenance: 1
#madeira: 1
#macrophotography: 1
#m2e: 1
#luxuryrealestate: 3
#luxuryrealestate: 3
#luxuryrealestate: 2
#luxuryrealestate: 2
#luxuryrealestate: 1
#luxuryrealestate: 1
#luxuryrealestate: 1
#luxuryproperties: 1
#luxuryliving: 1
#luxurylifestyle: 1
#luxurylifestyle: 1
#luxuryhouse: 1
#luxuryhomes: 3
#luxuryhomes: 2
#luxuryhomes: 2
#luxuryhomes: 2
#luxuryhomes: 2
#luxuryhomes: 1
#luxuryhomes: 1
#luxuryhomes: 1
#luxuryhomes: 1
#luxuryhomes: 1
#luxuryhome: 1
#luxury: 3
#luxury: 2
#luxury: 1
#luxury: 1
#luxury: 1
#luxury: 1
#luxury: 1
#luxury: 1
#luxury: 1
#luxury: 1
#luxury: 1
#luxury: 1
#luxury: 1
#lunagaiaknits: 1
#lucknow: 1
#lucasfilm: 1
#lowappraisal: 1
#lovewhereyoulive: 1
#lovewhereyoudwell: 1
#love: 1
#love: 1
#love: 1
#love: 1
#love: 1
#louisville: 1
#louisville: 1
#louisville: 1
#louiejovcevski: 1
#lot: 3
#lot: 1
#losangelesrealestate: 1
#longisland: 7
#longisland: 1
#localrealtor: 1
#localagent: 1
#lnk: 1
#ljhookerhurstville: 1
#ljhooker: 1
#ljh: 1
#livsir: 2
#livsir: 2
#livsir: 1
#livsir: 1
#livsir: 1
#livsir: 1
#livsir: 1
#livingthedream: 1
#livingthedream: 1
#livetv: 1
#liveloveottawa: 1
#liveinparadise: 1
#listings: 1
#listingagent: 2
#listingagent: 1
#listingagent: 1
#listingagent: 1
#listingagent: 1
#listing: 4
#listing: 2
#listing: 2
#listing: 2
#listing: 2
#listing: 2
#listing: 1
#listing: 1
#listing: 1
#listing: 1
#listing: 1
#listing: 1
#listing: 1
#listing: 1
#listing: 1
#listing: 1
#lipglosslovers: 1
#linoarciteam: 1
#linkinbio: 13
#linkinbio: 1
#lingfengzhou: 1
#lilymooncrochet: 1
#lilymooncrochet: 1
#lilymooncrochet: 1
#like: 1
#lightupthenight: 1
#lightup: 1
#lightninginabottle: 1
#liftmeup: 1
#lettering: 1
#leppington: 1
#legaltender: 1
#leasing: 1
#leasing: 1
#learntosew: 1
#lavendarlemonade: 1
#lauraosborne: 1
#lasvegas: 1
#landowner: 1
#land: 3
#land: 2
#land: 2
#land: 1
#land: 1
#land: 1
#lanchasvenezuela: 1
#lamelo: 1
#lakelife: 1
#lakelife: 1
#ladner: 1
#laaltagrac: 1
#la: 1
#kyoko: 1
#kwstaugustine: 1
#kwstaugustine: 1
#kwstaugustine: 1
#kuulateamsudbury: 1
#kuulateam: 1
#korea: 1
#kodakeastman: 1
#kodakbrownie: 1
#kodak: 2
#knivesedc: 1
#knives: 1
#knife: 1
#kitchendecor: 1
#kingston6: 1
#kingshoppin: 1
#kindle: 1
#kildare: 1
#kicks: 1
#keychain: 1
#kevinhillre: 1
#kettle: 1
#kentucky: 1
#kentucky: 1
#kentucky: 1
#kembawalker: 1
#kellerwilliamsstaug: 1
#kellerwilliamslorealty: 1
#kellerwilliamsjamaica: 1
#kellerwilliams: 1
#kellerwilliams: 1
#kellerwilliams: 1
#kellerwilliams: 1
#keepsake: 1
#karma: 1
#kansascity: 1
#kalamazoo: 1
#justlisted: 2
#justlisted: 2
#justlisted: 2
#justlisted: 2
#justlisted: 2
#justlisted: 2
#justlisted: 1
#justlisted: 1
#justlisted: 1
#justlisted: 1
#journeytohomeownership: 1
#journal: 1
#jordans: 1
#jordan1: 1
#jordan: 1
#jonlevine: 1
#joker: 2
#jhunjhunu: 1
#jewish: 1
#jewelry: 1
#jessicacarterhomes: 1
#jessicacarterhomes: 1
#jennifersabodish: 1
#jar: 1
#jacuzzi: 1
#items: 7
#ironman: 1
#ironman: 1
#ironman: 1
#ironman: 1
#iran: 1
#iphone12promax: 1
#iphone12: 1
#investors: 1
#investors: 1
#investor: 1
#investmentproperty: 1
#investmentproperty: 1
#investment: 4
#investment: 3
#investment: 3
#investment: 2
#investment: 2
#investment: 2
#investment: 2
#investment: 2
#investment: 2
#investment: 1
#investment: 1
#investment: 1
#investment: 1
#investment: 1
#investment: 1
#investment: 1
#investment: 1
#invested: 1
#invested: 1
#invest: 1
#interiordesign: 2
#interiordesign: 1
#interiordesign: 1
#interiordesign: 1
#interiordecor: 1
#instagramrealestate: 1
#instagramrealestate: 1
#instagramrealestate: 1
#instagram: 1
#insognagallery: 1
#innovative: 1
#innovation: 1
#innisfil: 1
#inktober2022: 1
#inktober: 1
#information: 1
#influencermarketing: 1
#infiniti: 1
#infiniti: 1
#indy: 1
#indy: 1
#indoors: 1
#indianapolis: 1
#indianapolis: 1
#independenthouse: 1
#incontract: 1
#import: 1
#illustrator: 1
#illustrator: 1
#illustrativejournalist: 1
#illustration: 1
#ifoundmyplace: 1
#ideas: 1
#idealista: 1
#icanhelp: 1
#hypebeast: 1
#hypebeast: 1
#hypebeast: 1
#hydroponic: 1
#hurstville: 1
#hurffville: 2
#huntsvilletx: 1
#huntingknives: 1
#hunting: 1
#hunting: 1
#hummelfigurines: 1
#hummel: 1
#hummel: 1
#hummel: 1
#hudsonvalley: 1
#htx: 1
#houston: 1
#housingmarket: 1
#housingmarket: 1
#housing: 1
#housing: 1
#housing: 1
#housing: 1
#housing: 1
#housing: 1
#housing: 1
#housing: 1
#housing: 1
#housing: 1
#housing: 1
#houses: 1
#houseprices: 1
#househunting: 3
#househunting: 3
#househunting: 3
#househunting: 2
#househunting: 2
#househunting: 2
#househunting: 2
#househunting: 2
#househunting: 2
#househunting: 1
#househunting: 1
#househunting: 1
#househunting: 1
#househunting: 1
#househunting: 1
#househunting: 1
#househunting: 1
#househunting: 1
#househunting: 1
#househunting: 1
#househunting: 1
#housegoals: 1
#houseexpert: 1
#houseandlandpackages: 1
#house: 4
#house: 3
#house: 2
#house: 2
#house: 1
#house: 1
#house: 1
#house: 1
#house: 1
#house: 1
#house: 1
#house: 1
#house: 1
#house: 1
#house: 1
#hotel: 1
#hot: 1
#hosted: 1
#horseproperty: 1
#horsemanship: 1
#horsefarms: 1
#horsefacilities: 1
#horsebackriding: 1
#horse: 1
#horse: 1
#hornchurch: 1
#homevideo: 1
#homesweethome: 2
#homesweethome: 2
#homesweethome: 1
#homesweethome: 1
#homesweethome: 1
#homesweethome: 1
#homesweethome: 1
#homesweethome: 1
#homesweethome: 1
#homesweethome: 1
#homestead: 1
#homesoninstagram: 1
#homesoninstagram: 1
#homesoninstagram: 1
#homesoldguaranteed: 1
#homesold: 1
#homesinsharon: 1
#homesellers: 1
#homesellers: 1
#homesearch: 1
#homesearch: 1
#homesale: 2
#homesale: 1
#homesale: 1
#homesale: 1
#homesale: 1
#homesale: 1
#homesale: 1
#homesale: 1
#homesale: 1
#homesale: 1
#homesale: 1
#homes: 2
#homes: 2
#homes: 1
#homes: 1
#homes: 1
#homes: 1
#homes: 1
#homes: 1
#homeownership: 1
#homeownership: 1
#homeownership: 1
#homeownership: 1
#homeownership: 1
#homeowners: 1
#homeowners: 1
#homeowners: 1
#homeowners: 1
#homeowner: 1
#homeowner: 1
#homeloanswithjohn: 1
#homeloanswithjohn: 1
#homefinancing: 2
#homefinancing: 1
#homefinancing: 1
#homedecorideas: 1
#homedecorating: 1
#homedecor: 1
#homedecor: 1
#homebuyingtips: 1
#homebuyingtips: 1
#homebuyers: 2
#homebuyers: 1
#homebuyers: 1
#homebuyers: 1
#homebuyers: 1
#homebuyers: 1
#homebuyers: 1
#homebuyer: 1
#homebuyer: 1
#homebuyer: 1
#home: 5
#home: 4
#home: 4
#home: 4
#home: 4
#home: 4
#home: 4
#home: 4
#home: 4
#home: 3
#home: 3
#home: 3
#home: 3
#home: 2
#home: 2
#home: 2
#home: 2
#home: 2
#home: 2
#home: 2
#home: 2
#home: 1
#home: 1
#home: 1
#home: 1
#home: 1
#home: 1
#home: 1
#holmgren: 1
#holmgren: 1
#holmgren: 1
#holmgren: 1
#holidayathome: 1
#holidayathome: 1
#holidayart: 1
#hockeycards: 13
#hobby: 1
#history: 1
#hiphop: 2
#hiphop: 1
#hiphop: 1
#highlands: 1
#hi: 13
#herces: 1
#hempstead: 1
#hemp: 1
#helpfulagent: 1
#heidelberg: 1
#headlights: 1
#hayward: 1
#havering: 1
#havealook: 1
#hasbro: 1
#hasbro: 1
#hasbro: 1
#hasbro: 1
#harborpoint: 1
#happy: 1
#happy: 1
#happy: 1
#happy: 1
#handmadequilt: 1
#handmadequilt: 1
#handmadequilt: 1
#handmadequilt: 1
#handmadeknives: 1
#handmadejewelry: 1
#handmadegifts: 1
#handmade: 2
#handmade: 1
#handmade: 1
#handmade: 1
#handmade: 1
#handmade: 1
#handmade: 1
#handmade: 1
#handcrafted: 1
#hamont: 1
#hamiltonrealestate: 1
#hamilton: 1
#halloweensale: 1
#halloween2022: 1
#halloween: 1
#halloween: 1
#halloween: 1
#halloween: 1
#halart: 1
#halart: 1
#gumroad: 1
#guitar: 1
#guaranteed: 1
#gta: 1
#growingseason: 1
#greycountyrealestate: 1
#greentoe: 1
#green: 1
#graphicdesign: 1
#grandrapids: 1
#grandeprairiealberta: 1
#grandeprairiealberta: 1
#grandeprairiealberta: 1
#grandeprairie: 1
#grandeprairie: 1
#grandeprairie: 1
#granadahillsrealty: 1
#granadahillsrealestate: 1
#granadahillshome: 1
#granadahillsguru: 1
#granadahills: 1
#grammys: 1
#gradedcards: 1
#gr8sg: 1
#gpab: 1
#gpab: 1
#gpab: 1
#gpab: 1
#gothamknights: 1
#gop: 1
#goodtype: 1
#goodcondition: 1
#gomtinagar: 1
#golf: 1
#goebel: 1
#goebel: 1
#godsmiles: 1
#goblin: 1
#glendora: 1
#givemeacall: 1
#giraffes: 1
#giraffe: 1
#gillette: 1
#gifts: 2
#gifts: 1
#gifts: 1
#gifts: 1
#gifts: 1
#gifts: 1
#gifts: 1
#gifts: 1
#gifts: 1
#gifts: 1
#gifts: 1
#gifts: 1
#gifts: 1
#gifts: 1
#gifts: 1
#gifts: 1
#giftideas: 1
#giftideas: 1
#giftideas: 1
#giftideas: 1
#giftideas: 1
#gift: 2
#gift: 1
#gift: 1
#giants: 1
#germany: 1
#germany: 1
#germany: 1
#germany: 1
#german: 1
#gengiskokden: 1
#geauxtigers: 1
#gatedcommunity: 1
#gatedcommunity: 1
#gardnergrouprealestate: 1
#gardenlover: 1
#gardening: 1
#gardening: 1
#gardenarea: 1
#gardenarea: 1
#garagesale: 1
#garage: 1
#ganjapharma: 1
#ganja: 1
#gamingcrazy: 1
#gaming: 1
#gaming: 1
#gameused: 1
#gamestop: 1
#games: 1
#gamer: 1
#gameboy: 1
#gallery: 1
#gallatinrealestate: 1
#gallatinrealestate: 1
#galaxy: 1
#gahomes: 2
#g35: 1
#g35: 1
#fyp: 3
#fyp: 1
#fyp: 1
#fyp: 1
#fyp: 1
#fyp: 1
#fxbg: 1
#fxbg: 1
#fxbg: 1
#fxbg: 1
#fxbg: 1
#fw2013: 1
#furryartwork: 1
#furryartist: 1
#furryart: 1
#furry: 1
#furnished: 1
#funkopopnews: 1
#funkopop: 1
#funfact: 1
#funfact: 1
#funfact: 1
#funfact: 1
#funfact: 1
#funart: 1
#fun: 1
#fullmoon: 1
#fullframe: 1
#fs: 1
#fruadeinmobiliario: 1
#friendslikefamily: 1
#friends: 1
#free: 1
#frankmortgage: 1
#foundry: 1
#foundationnft: 1
#fossilscutes: 2
#fossils: 2
#foryoupage: 1
#foryoupage: 1
#foryoupage: 1
#foryou: 1
#foryou: 1
#foryou: 1
#forums: 1
#forrent: 1
#forrent: 1
#forrent: 1
#formulaone: 1
#forlease: 1
#fordtrucks: 1
#fordraptor: 1
#fordperformance: 1
#forbesglobalproperties: 1
#forauction: 1
#for: 1
#footfestish: 1
#footballfigures: 1
#footballcards: 13
#footballcards: 1
#football: 1
#football: 1
#football: 1
#food: 1
#fonts: 1
#fomo: 1
#followme: 1
#foliage: 1
#flytyingaddict: 1
#flytying: 1
#flyfishing: 1
#flowers: 1
#floridarealtor: 1
#floridarealestate: 1
#floridarealestate: 1
#floridaart: 1
#florida: 1
#florida: 1
#florida: 1
#florida: 1
#floralart: 1
#flat: 1
#fish: 1
#firsttimehomebuyer: 1
#firsttimehomebuyer: 1
#firsttimehomebuyer: 1
#firsttimehomebuyer: 1
#firstappearance: 1
#firesale: 1
#fineart: 1
#findyourthing: 1
#findyoursliceofheaven: 1
#findyoursliceofheaven: 1
#findyoursliceofheaven: 1
#findyoursliceofheaven: 1
#findyourdreamproperty: 1
#findyourdreamproperty: 1
#findyourdreamproperty: 1
#findyourdreamproperty: 1
#findyourdreamproperty: 1
#findyourdreamproperty: 1
#finca: 1
#financing: 1
#financing: 1
#financing: 1
#finances: 1
#film: 2
#figurines: 1
#figurines: 1
#figurine: 1
#fieldofsummerglory: 1
#fieldofsummerglory: 1
#fieldofsummerglory: 1
#fieldofsummerglory: 1
#fieldofsummerglory: 1
#fieldofsummerglory: 1
#fieldofsummerglory: 1
#fiberartist: 1
#fiberartist: 1
#fiberartist: 1
#fff: 1
#ferrara: 1
#feetfethish: 1
#fast: 1
#fashionista: 1
#fashion: 1
#fashion: 1
#fashion: 1
#farmrealtor: 1
#farmrealtor: 1
#farmrealestate: 1
#farmrealestate: 1
#farmmarketer: 1
#farmmarketer: 1
#farmlifeisthebest: 1
#farmlifeisthebest: 1
#farmlife: 1
#farmlife: 1
#farmersnational: 1
#farm365: 1
#farm365: 1
#farm365: 1
#farm365: 1
#farm365: 1
#farm: 1
#faristeam: 1
#faristeam: 1
#faristeam: 1
#fantasticfour: 2
#fantasticfour: 1
#fantasticfour: 1
#fantasticfour: 1
#fantasticfour: 1
#fantastic: 1
#fanart: 1
#familytradition: 1
#familylife: 1
#familyhome: 1
#familyhome: 1
#fall: 1
#fairtrade: 1
#factsoftheday: 1
#factsoftheday: 1
#facts: 1
#facialtissue: 1
#facebook: 1
#fabric: 1
#fabric: 1
#fabric: 1
#fabric: 1
#f4f: 1
#f1: 1
#extendedfamily: 1
#extended: 1
#exputah: 1
#exprealty: 2
#exprealty: 2
#exprealty: 2
#exprealty: 1
#exprealty: 1
#exprealty: 1
#exprealty: 1
#exprealty: 1
#exprealty: 1
#exprealty: 1
#exprealty: 1
#exprealty: 1
#exprealty: 1
#exprealty: 1
#exprealty: 1
#exprealty: 1
#exprealty: 1
#exprealty: 1
#exprealty: 1
#exprealty: 1
#explorepage: 1
#explorepage: 1
#explorepage: 1
#exploremore: 1
#exploremore: 1
#exploremore: 1
#explore: 1
#explore: 1
#explore: 1
#exp: 1
#exp: 1
#exp: 1
#exp: 1
#exp: 1
#exp: 1
#exp: 1
#exp: 1
#exp: 1
#exp: 1
#exp: 1
#exotic: 1
#exclusive: 1
#everythingmustgo: 1
#evergreen: 1
#evergreen: 1
#eventide: 1
#etsyvintageseller: 1
#etsyshop: 1
#etsyseller: 1
#etsyseller: 1
#etsyaccessories: 1
#etsy: 3
#etsy: 2
#etsy: 1
#etsy: 1
#etsy: 1
#etsy: 1
#etsy: 1
#etsy: 1
#etsy: 1
#etsy: 1
#ethiopia: 1
#ethereumnfts: 1
#eth: 1
#estesgrouppoweredbyplace: 1
#estateagentsuk: 1
#estateagents: 1
#estate: 1
#escrow: 1
#escape: 1
#equipment: 1
#equine: 1
#equestrianlife: 1
#equestrian: 1
#enventa: 2
#entrepreneurs: 1
#entrepreneur: 1
#entrepreneur: 1
#ens: 1
#encanto: 1
#emslife: 1
#ems: 1
#emergencyservices: 1
#emeraldhillsestate: 1
#elonmusk: 1
#elkhart: 1
#electronics: 1
#electriccar: 1
#electric: 1
#elecronics: 1
#eightmodel25: 1
#ehrenbreitstein: 1
#effortlessdealz: 1
#effort: 1
#edinburgh: 1
#economy: 1
#economy: 1
#ecommerce: 1
#ecogifts: 1
#ecoboost: 1
#eastmankodak: 1
#earrings: 1
#earlyblackfriday: 1
#earlybiz: 1
#earbuds: 1
#eaglesnation: 1
#eagles: 1
#dvd: 1
#dumbooctopusstuffedanimal: 1
#dumbooctopus: 1
#dumbooctopus: 1
#dubai: 1
#drop: 1
#drop: 1
#dreamillions: 1
#dreamhome: 4
#dreamhome: 3
#dreamhome: 2
#dreamhome: 2
#dreamhome: 2
#dreamhome: 2
#dreamhome: 2
#dreamhome: 2
#dreamhome: 1
#dreamhome: 1
#dreamhome: 1
#dreamhome: 1
#dreamhome: 1
#dreamhome: 1
#drawing: 2
#dragon: 1
#drachenfels: 1
#downtown: 1
#downtown: 1
#doublebrick: 1
#dosomething: 1
#doqqan: 1
#donnapinon: 1
#donnapinon: 1
#dominicanrepublic: 1
#dollamon: 1
#dollamon: 1
#diyfalldecor: 1
#dixon: 1
#disneyplus: 1
#disneyland: 1
#disneykitchen: 1
#disney: 1
#disney: 1
#discount: 1
#disabledartist: 1
#disabledartist: 1
#disabledartist: 1
#dion: 1
#digitalmarketing: 1
#digitalcreators: 1
#digitalartwork: 1
#digitalart: 1
#digitalart: 1
#digitalart: 1
#didyouknowfacts: 1
#didyouknowfacts: 1
#dfwreadvisors: 1
#dfwreadvisors: 1
#development: 1
#developer: 1
#destination: 1
#designtips: 1
#designs: 1
#designs: 1
#designs: 1
#designs: 1
#designs: 1
#designs: 1
#designs: 1
#design: 1
#design: 1
#design: 1
#design: 1
#deptford: 2
#denver: 1
#denver: 1
#denver: 1
#denver: 1
#denver: 1
#denim: 1
#delta: 1
#delivery: 1
#decorating: 1
#decor: 1
#deals: 3
#deals: 1
#deals: 1
#deals: 1
#deals: 1
#deal: 1
#deadpool: 1
#deadpool: 1
#dcrealestate: 1
#dccomics: 2
#dccomics: 1
#dc: 2
#dayinvan: 1
#daredevil: 1
#dancer: 1
#damascusknives: 1
#dallas: 1
#daily: 1
#cuttlefishstuffedanimal: 1
#cuttlefish: 1
#cuttlefish: 1
#cutlery: 1
#cute: 1
#cute: 1
#customhomebuilder: 1
#custom: 1
#currency: 1
#currency: 1
#currency: 1
#curbappeal: 1
#cubanos: 2
#cuba: 2
#csr2: 1
#crystals: 1
#cropyear: 1
#crocodiles: 2
#crocodilefossils: 2
#crocodile: 2
#cretaceous: 2
#creative: 1
#creative: 1
#creative: 1
#creative: 1
#create: 1
#create: 1
#create: 1
#create: 1
#cre: 1
#craigbarnbyrealestate: 1
#craftsupplies: 1
#craftfair: 1
#craftbizparty: 1
#craft: 1
#cozy: 1
#cowboys: 1
#covina: 1
#covid_19: 1
#cover: 2
#corvette: 1
#corinthiancommunity: 1
#coral: 1
#coolart: 1
#cookiejar: 1
#controlledaccess: 1
#controlledaccess: 1
#content: 3
#content: 1
#contemporaryart: 1
#contemporary: 1
#contactustoday: 1
#contactus: 1
#construction: 1
#construction: 1
#condo: 1
#condo: 1
#condo: 1
#condo: 1
#commissionsopen: 1
#commission: 1
#commercialrealestate: 1
#commercialrealestate: 1
#commercialproperty: 2
#commercialbroker: 1
#commercial: 2
#commercial: 2
#commercial: 2
#commercial: 1
#commercial: 1
#commercial: 1
#commercial: 1
#comment: 1
#comixgology: 1
#comingsoon: 2
#comingsoon: 1
#coming: 1
#comictober2022: 1
#comicbooks: 1
#comicbookart: 1
#comicart: 1
#comicart: 1
#coltsnation: 1
#colts: 1
#colors: 1
#colorful: 1
#colorful: 1
#colorful: 1
#colorful: 1
#colorado: 1
#collectors: 13
#collector: 1
#collector: 1
#collector: 1
#collector: 1
#collections: 1
#collections: 1
#collections: 1
#collections: 1
#collection: 1
#collectibles: 1
#collectibles: 1
#collectibles: 1
#collectibles: 1
#collectibles: 1
#collectibles: 1
#collectibles: 1
#collectiblecardgame: 1
#collectible: 1
#collectible: 1
#collectible: 1
#collectible: 1
#collectables: 1
#collectables: 1
#collectables: 1
#collab: 1
#collab: 1
#collab: 1
#coldwellbankerpremierrealty: 1
#coldwellbanker: 1
#coastaliving: 1
#coach: 1
#clubs: 1
#clothinglines: 1
#clothingline: 1
#clothingbrands: 1
#clothingbrand: 1
#clothes: 1
#clothes: 1
#close: 1
#clocks: 1
#cityscapes: 1
#citylights: 1
#cinema: 1
#cinekodak: 1
#church: 1
#christopherstanton: 1
#christmastree: 1
#christmasparty: 1
#christmasmarket: 1
#christmasgifts: 1
#christmasgifts: 1
#christmasgift: 1
#christmascard: 1
#christmas2022: 1
#christmas: 2
#christmas: 1
#christmas: 1
#christmas: 1
#christmas: 1
#christieshomes: 1
#chinesenewyear: 1
#chineselanternfestival: 1
#china: 1
#chicagorealestate: 1
#chicagoland: 1
#chicago: 1
#chicago: 1
#chicago: 1
#chibi: 1
#cheyennewyoming: 1
#chewbacca: 1
#chevrolet: 1
#chevrolet: 1
#checkitout: 1
#checkitout: 1
#cheap: 1
#cheap: 1
#charliemoweryrealtor: 1
#charliemoweryrealtor: 1
#characterdesign: 1
#cerritos: 1
#ceramicbowl: 1
#ceramic: 1
#cephalopod: 1
#ceonate: 5
#century21affiliated: 1
#centralflorida: 1
#centralelevator: 1
#celebrityhomesomaha: 1
#celbridge: 1
#cdnfarmers: 1
#cdnfarmers: 1
#cdnbeef: 1
#cdnbeef: 1
#cdnbeef: 1
#cd: 1
#ccre: 1
#ccg: 1
#cbs: 1
#cbrealty: 1
#cbcalabasas: 1
#cattlefarming: 1
#cattlefarming: 1
#cattlefarming: 1
#cattle: 1
#cattle: 1
#cattle: 1
#cats: 1
#cathlete: 1
#cat: 1
#castrovalley: 1
#cashbuyer: 1
#case: 1
#casaenplaya: 1
#cars: 1
#cars: 1
#cars: 1
#cars: 1
#caribbean: 1
#cards: 1
#cardgame: 1
#cardcollectors: 1
#cardcollection: 1
#card: 1
#card: 1
#caracavanaughre: 1
#car: 1
#car: 1
#car: 1
#car: 1
#car: 1
#captainamerica: 1
#captainamerica: 1
#captainamerica: 1
#captainamerica: 1
#capecod: 1
#canvasprint: 1
#canvasprint: 1
#cannabisbrand: 1
#cannabis: 1
#canadianbeef: 1
#canadianbeef: 1
#canadianbeef: 1
#canada: 2
#canada: 2
#canada: 2
#canada: 1
#canada: 1
#canada: 1
#canada: 1
#camera: 2
#camanoisland: 1
#callusnow: 1
#callme: 1
#callerid: 1
#californiarealestate: 1
#california: 2
#california: 1
#california: 1
#california: 1
#california: 1
#california: 1
#california: 1
#calgary: 1
#calgary: 1
#calgary: 1
#calabash: 1
#cafe: 1
#cable: 1
#buysell: 1
#buysell: 1
#buysell: 1
#buynow: 7
#buynow: 3
#buynow: 1
#buyitbetty: 1
#buyitbetty: 1
#buyinglot: 1
#buyinghouse2022: 1
#buyingahome: 1
#buyingahome: 1
#buyingahome: 1
#buyingagent: 1
#buyingagent: 1
#buyingagent: 1
#buyhome: 1
#buyersagent: 1
#buyersagent: 1
#buyersagent: 1
#buyers: 1
#buyers: 1
#buyers: 1
#buycrystals: 1
#buyandroll: 1
#buyahouse: 1
#buyahouse: 1
#buyahome: 1
#buy: 1
#buy: 1
#buy: 1
#businessmindsets: 1
#business: 2
#business: 1
#business: 1
#business: 1
#bushland: 1
#bushland: 1
#bungalow: 1
#bungalow: 1
#buisnesspromote: 1
#builtfordtough: 1
#buildyourdreamhome: 1
#buildyourdreamhome: 1
#buildyourdreamhome: 1
#buildyourdreamhome: 1
#buildyourdreamhome: 1
#buildyourdreamhome: 1
#buildyourdreamhome: 1
#buildyourdreamhome: 1
#buildwithblake: 1
#buildingyourfuturetoday: 1
#buildingacreage: 1
#buildingacreage: 1
#builder: 1
#btc: 1
#bsa: 1
#brushstrokes: 1
#brucepeninsularealestate: 1
#brrealtors: 3
#brownietarget: 1
#broker: 1
#broker: 1
#broker: 1
#broker: 1
#broker: 1
#broker: 1
#brokenheart: 1
#brightonbag: 1
#brighton: 1
#bridgeteam: 2
#bridgeagents: 2
#brandonclarke: 1
#brandnewinbox: 1
#branding: 1
#bozemanmt: 1
#bozemanmt: 1
#boxcamera: 1
#boutique: 1
#boulder: 1
#boulder: 1
#boss: 1
#books: 7
#books: 1
#book: 1
#body: 1
#boating: 1
#boat: 1
#bmpvanessa: 1
#bmpnetwork: 2
#bmpnetwork: 1
#bmpnetwork: 1
#bmpnetwork: 1
#bmpnetwork: 1
#bmpnetwork: 1
#bmpnetwork: 1
#bmpnetwork: 1
#bmpnetwork: 1
#bmpnetwork: 1
#bmpnetwork: 1
#bmpnetwork: 1
#bmpnetwork: 1
#bmpnetwork: 1
#bmpnetwork: 1
#bmpnetwork: 1
#bmpnetwork: 1
#bmpnetwork: 1
#bmpnetwork: 1
#bmpjustin: 1
#bmpbrian: 1
#bmpbrian: 1
#bmpbrian: 1
#bmpben: 1
#bmpben: 1
#bmpben: 1
#bmpben: 1
#bmpben: 1
#bmpamber: 1
#bmpamber: 1
#bmpamber: 1
#bmpamber: 1
#bmpamber: 1
#bmpamber: 1
#bmpamber: 1
#bmpamber: 1
#bmpamber: 1
#bmp: 1
#bmp: 1
#bmp: 1
#bmp: 1
#bmp: 1
#bmp: 1
#bmp: 1
#bmp: 1
#bmp: 1
#bmp: 1
#bmp: 1
#bmcmini: 1
#blush: 1
#bluray: 1
#bluesmusic: 1
#blues: 1
#bluemagic: 1
#blogposts: 3
#blogposts: 1
#blockchaintechnology: 1
#blockchain: 1
#blockchain: 1
#blakebuilders: 1
#blackfriday: 1
#bl: 2
#bl: 1
#bl: 1
#bl: 1
#bl: 1
#bktcentralmo: 1
#bktcentralmissouri: 1
#bitcoin: 1
#biscuitjar: 1
#birmingham: 3
#bid: 1
#bi: 1
#bhor: 2
#bhhsluxury: 1
#beyondthesea: 1
#beuty: 1
#bestshopping: 2
#bestshopping: 2
#bestshopping: 1
#bestshopping: 1
#bestshopping: 1
#bestshopping: 1
#bestshopping: 1
#bestshopping: 1
#bestseller: 1
#bestseller: 1
#bestseller: 1
#bestseller: 1
#bestseller: 1
#bestseller: 1
#bestseller: 1
#bestagent: 1
#bernina: 1
#bernina: 1
#bernina: 1
#bernina: 1
#bergencounty: 1
#belgrade: 1
#beleza: 1
#beige: 1
#beckywilliamsteam: 1
#beauty: 2
#beautiful: 2
#beautiful: 1
#beautiful: 1
#beautiful: 1
#beachlover: 1
#bayarearealestate: 1
#bayarearealestate: 1
#bayarearealestate: 1
#bayarearealestate: 1
#bayarea: 1
#batmanwholaughs: 2
#batman: 2
#batman: 1
#bathroomdecor: 1
#bat: 1
#baskets: 1
#basketballcards: 13
#basketballcards: 1
#basketballcards: 1
#basketballcards: 1
#basketballcards: 1
#basketball: 1
#basketball: 1
#basketball: 1
#basketball: 1
#baseballcards: 13
#baseballcards: 1
#baseballcards: 1
#baseballcards: 1
#baseballcards: 1
#baseball: 1
#baseball: 1
#baseball: 1
#baseball: 1
#barnbyrealestate: 1
#bargains: 2
#bareland: 1
#bareland: 1
#barcosusados: 1
#barbarapatchis: 1
#barbaracrampton: 1
#baonpdx: 1
#bangkok: 1
#ballads: 1
#balcony: 1
#backgrounds: 1
#b90: 1
#b37: 1
#b26: 1
#avengers: 1
#avengers: 1
#avengers: 1
#avengers: 1
#available: 1
#available: 1
#autumn: 1
#automotive: 1
#automotive: 1
#automotive: 1
#autograph: 1
#auto: 1
#australia: 1
#austintx: 1
#auctions: 1
#auctions: 1
#auctions: 1
#auctioneer: 1
#auction: 1
#auction: 1
#auction: 1
#auction: 1
#auction: 1
#auction: 1
#atlanta: 2
#atlanta: 1
#aspen: 1
#artsy: 1
#arts_gallery: 1
#artprint: 1
#artprint: 1
#artlife: 1
#artists: 1
#artistontwitter: 1
#artistic: 1
#artist: 2
#artist: 1
#articles: 3
#articles: 1
#art: 4
#art: 3
#art: 2
#art: 2
#art: 2
#art: 2
#art: 2
#art: 2
#art: 1
#art: 1
#art: 1
#art: 1
#art: 1
#art: 1
#art: 1
#art: 1
#art: 1
#art: 1
#art: 1
#art: 1
#art: 1
#arizona: 1
#arizona: 1
#arizona: 1
#arizona: 1
#arizona: 1
#arizona: 1
#arizona: 1
#aquarium: 1
#apple: 1
#apparelline: 1
#apparelbrand: 1
#apollon: 1
#apartments: 1
#apartment: 1
#apartment: 1
#apartment: 1
#apartment: 1
#antique: 2
#anklesocks: 1
#animemerch: 5
#animemerch: 2
#animemerch: 1
#animemerch: 1
#animemerch: 1
#animemerch: 1
#anime: 5
#anime: 3
#anime: 1
#anime: 1
#anime: 1
#anime: 1
#anime: 1
#angieserna: 1
#angels: 1
#ampi: 1
#aminmehrabi: 1
#americanflag: 1
#american: 1
#ambulancesofinstagram: 1
#ambulancesale: 1
#ambulance: 1
#amazonmusic: 1
#amazon: 2
#amazon: 1
#amazon: 1
#amazon: 1
#amazon: 1
#amazon: 1
#amazon: 1
#amazon: 1
#amandaandfabian: 1
#alphabet: 1
#almayourrealtor: 1
#allinforyou: 1
#albertayler: 1
#alberta: 1
#alameda: 1
#airmail: 7
#airmail: 1
#airbnb: 1
#airbnb: 1
#agtwitter: 1
#agriculturalplot: 2
#agriculturalplot: 1
#agproud: 1
#agproud: 1
#agproud: 1
#agourahills: 1
#agourahills: 1
#agentsofinstagram: 1
#agentsofinstagram: 1
#agentsofinstagram: 1
#agents: 1
#agent: 1
#africa: 1
#afishcalledselma: 1
#affordable: 1
#advertising: 1
#advertise: 1
#adventure: 1
#ads: 1
#ads: 1
#ads: 1
#adopts: 1
#adoption: 1
#adoptables: 1
#adoptable: 1
#adoptable: 1
#adoptable: 1
#adopt: 1
#adirondacks: 1
#adirondackpark: 1
#adidas: 1
#adelaide: 1
#addoffroad: 1
#adamgrenvillerealtor: 1
#adamgrenvillerealtor: 1
#adamgrenvillerealtor: 1
#adamgrenvillerealtor: 1
#adamgrenville: 1
#adamgrenville: 1
#adamgrenville: 1
#adamgrenville: 1
#ad: 2
#ad: 1
#active: 1
#actionfigures: 1
#actionfigures: 1
#actionfigures: 1
#actionfigures: 1
#acres: 1
#acres: 1
#acres: 1
#acreagelife: 1
#acreage: 1
#acreage: 1
#acreage: 1
#accessories: 1
#accessories: 1
#abstractart: 1
#abstractart: 1
#abre: 1
#aberdeen: 1
#99: 1
#98: 1
#97: 1
#96: 1
#96: 1
#95: 1
#95: 1
#92: 1
#90s: 1
#8mm: 1
#85: 1
#82: 1
#81: 1
#79: 1
#79: 1
#78: 1
#6bedroom: 1
#68: 1
#68: 1
#63: 1
#622: 1
#604: 1
#59: 1
#59: 1
#4sale: 1
#48: 1
#48: 1
#48: 1
#4371: 1
#420life: 1
#3dmodeling: 1
#384: 1
#38: 1
#35: 1
#3: 1
#2bhk: 1
#29: 1
#28: 1
#276: 1
#272: 1
#269: 1
#26: 1
#26: 1
#247security: 1
#247security: 1
#233: 1
#220: 1
#21102: 1
#21: 1
#2022: 3
#1low: 1
#1990s: 1
#1960s: 1
#1910s: 1
#1910s: 1
#166: 1
#165: 1
#165: 1
#160: 1
#159: 1
#153: 1
#13204: 1
#129: 1
#12: 1
#119: 1
#113: 1
#106: 2
#103: 1
#1: 1
#02124969: 1
]]></system-out>
  <system-err><![CDATA[]]></system-err>
</testsuite>
