<?xml version="1.0" encoding="UTF-8"?>
<testsuite name="hackathon.d2hd.getGoingApp.hashtagServiceTests.HashtagServiceTests" tests="1" skipped="0" failures="0" errors="0" timestamp="2022-11-16T08:15:04" hostname="Seans-MacBook-Pro-2.local" time="0.521">
  <properties/>
  <testcase name="testSevenDayTop5HashtagListByLikeAPI()" classname="hackathon.d2hd.getGoingApp.hashtagServiceTests.HashtagServiceTests" time="0.521"/>
  <system-out><![CDATA[16:14:57.558 [Test worker] DEBUG org.springframework.test.context.BootstrapUtils - Instantiating CacheAwareContextLoaderDelegate from class [org.springframework.test.context.cache.DefaultCacheAwareContextLoaderDelegate]
16:14:57.573 [Test worker] DEBUG org.springframework.test.context.BootstrapUtils - Instantiating BootstrapContext using constructor [public org.springframework.test.context.support.DefaultBootstrapContext(java.lang.Class,org.springframework.test.context.CacheAwareContextLoaderDelegate)]
16:14:57.640 [Test worker] DEBUG org.springframework.test.context.BootstrapUtils - Instantiating TestContextBootstrapper for test class [hackathon.d2hd.getGoingApp.hashtagServiceTests.HashtagServiceTests] from class [org.springframework.boot.test.context.SpringBootTestContextBootstrapper]
16:14:57.667 [Test worker] INFO org.springframework.boot.test.context.SpringBootTestContextBootstrapper - Neither @ContextConfiguration nor @ContextHierarchy found for test class [hackathon.d2hd.getGoingApp.hashtagServiceTests.HashtagServiceTests], using SpringBootContextLoader
16:14:57.671 [Test worker] DEBUG org.springframework.test.context.support.AbstractContextLoader - Did not detect default resource location for test class [hackathon.d2hd.getGoingApp.hashtagServiceTests.HashtagServiceTests]: class path resource [hackathon/d2hd/getGoingApp/hashtagServiceTests/HashtagServiceTests-context.xml] does not exist
16:14:57.672 [Test worker] DEBUG org.springframework.test.context.support.AbstractContextLoader - Did not detect default resource location for test class [hackathon.d2hd.getGoingApp.hashtagServiceTests.HashtagServiceTests]: class path resource [hackathon/d2hd/getGoingApp/hashtagServiceTests/HashtagServiceTestsContext.groovy] does not exist
16:14:57.672 [Test worker] INFO org.springframework.test.context.support.AbstractContextLoader - Could not detect default resource locations for test class [hackathon.d2hd.getGoingApp.hashtagServiceTests.HashtagServiceTests]: no resource found for suffixes {-context.xml, Context.groovy}.
16:14:57.674 [Test worker] INFO org.springframework.test.context.support.AnnotationConfigContextLoaderUtils - Could not detect default configuration classes for test class [hackathon.d2hd.getGoingApp.hashtagServiceTests.HashtagServiceTests]: HashtagServiceTests does not declare any static, non-private, non-final, nested classes annotated with @Configuration.
16:14:57.811 [Test worker] DEBUG org.springframework.test.context.support.ActiveProfilesUtils - Could not find an 'annotation declaring class' for annotation type [org.springframework.test.context.ActiveProfiles] and class [hackathon.d2hd.getGoingApp.hashtagServiceTests.HashtagServiceTests]
16:14:57.892 [Test worker] DEBUG org.springframework.context.annotation.ClassPathScanningCandidateComponentProvider - Identified candidate component class: file [/Users/seanmarinas/appetizer/getGoingApp/build/classes/java/main/hackathon/d2hd/getGoingApp/GetGoingApplication.class]
16:14:57.893 [Test worker] INFO org.springframework.boot.test.context.SpringBootTestContextBootstrapper - Found @SpringBootConfiguration hackathon.d2hd.getGoingApp.GetGoingApplication for test class hackathon.d2hd.getGoingApp.hashtagServiceTests.HashtagServiceTests
16:14:58.031 [Test worker] DEBUG org.springframework.boot.test.context.SpringBootTestContextBootstrapper - @TestExecutionListeners is not present for class [hackathon.d2hd.getGoingApp.hashtagServiceTests.HashtagServiceTests]: using defaults.
16:14:58.033 [Test worker] INFO org.springframework.boot.test.context.SpringBootTestContextBootstrapper - Loaded default TestExecutionListener class names from location [META-INF/spring.factories]: [org.springframework.boot.test.autoconfigure.restdocs.RestDocsTestExecutionListener, org.springframework.boot.test.autoconfigure.web.client.MockRestServiceServerResetTestExecutionListener, org.springframework.boot.test.autoconfigure.web.servlet.MockMvcPrintOnlyOnFailureTestExecutionListener, org.springframework.boot.test.autoconfigure.web.servlet.WebDriverTestExecutionListener, org.springframework.boot.test.autoconfigure.webservices.client.MockWebServiceServerTestExecutionListener, org.springframework.boot.test.mock.mockito.MockitoTestExecutionListener, org.springframework.boot.test.mock.mockito.ResetMocksTestExecutionListener, org.springframework.test.context.web.ServletTestExecutionListener, org.springframework.test.context.support.DirtiesContextBeforeModesTestExecutionListener, org.springframework.test.context.event.ApplicationEventsTestExecutionListener, org.springframework.test.context.support.DependencyInjectionTestExecutionListener, org.springframework.test.context.support.DirtiesContextTestExecutionListener, org.springframework.test.context.transaction.TransactionalTestExecutionListener, org.springframework.test.context.jdbc.SqlScriptsTestExecutionListener, org.springframework.test.context.event.EventPublishingTestExecutionListener]
16:14:58.057 [Test worker] INFO org.springframework.boot.test.context.SpringBootTestContextBootstrapper - Using TestExecutionListeners: [org.springframework.test.context.web.ServletTestExecutionListener@bcef303, org.springframework.test.context.support.DirtiesContextBeforeModesTestExecutionListener@41709512, org.springframework.test.context.event.ApplicationEventsTestExecutionListener@42039326, org.springframework.boot.test.mock.mockito.MockitoTestExecutionListener@33308786, org.springframework.boot.test.autoconfigure.SpringBootDependencyInjectionTestExecutionListener@4f9a2c08, org.springframework.test.context.support.DirtiesContextTestExecutionListener@a87f8ec, org.springframework.test.context.transaction.TransactionalTestExecutionListener@5443d039, org.springframework.test.context.jdbc.SqlScriptsTestExecutionListener@63787180, org.springframework.test.context.event.EventPublishingTestExecutionListener@7d1cfb8b, org.springframework.boot.test.autoconfigure.restdocs.RestDocsTestExecutionListener@48e92c5c, org.springframework.boot.test.autoconfigure.web.client.MockRestServiceServerResetTestExecutionListener@2e1ef60, org.springframework.boot.test.autoconfigure.web.servlet.MockMvcPrintOnlyOnFailureTestExecutionListener@22356acd, org.springframework.boot.test.autoconfigure.web.servlet.WebDriverTestExecutionListener@386f0da3, org.springframework.boot.test.autoconfigure.webservices.client.MockWebServiceServerTestExecutionListener@39655d3e, org.springframework.boot.test.mock.mockito.ResetMocksTestExecutionListener@34f22f9d]
16:14:58.063 [Test worker] DEBUG org.springframework.test.context.support.AbstractDirtiesContextTestExecutionListener - Before test class: context [DefaultTestContext@71812481 testClass = HashtagServiceTests, testInstance = [null], testMethod = [null], testException = [null], mergedContextConfiguration = [WebMergedContextConfiguration@16ce702d testClass = HashtagServiceTests, locations = '{}', classes = '{class hackathon.d2hd.getGoingApp.GetGoingApplication}', contextInitializerClasses = '[]', activeProfiles = '{}', propertySourceLocations = '{}', propertySourceProperties = '{org.springframework.boot.test.context.SpringBootTestContextBootstrapper=true}', contextCustomizers = set[org.springframework.boot.test.autoconfigure.actuate.metrics.MetricsExportContextCustomizerFactory$DisableMetricExportContextCustomizer@45d84a20, org.springframework.boot.test.autoconfigure.properties.PropertyMappingContextCustomizer@0, org.springframework.boot.test.autoconfigure.web.servlet.WebDriverContextCustomizerFactory$Customizer@710636b0, org.springframework.boot.test.context.filter.ExcludeFilterContextCustomizer@740fb309, org.springframework.boot.test.json.DuplicateJsonObjectContextCustomizerFactory$DuplicateJsonObjectContextCustomizer@6f204a1a, org.springframework.boot.test.mock.mockito.MockitoContextCustomizer@0, org.springframework.boot.test.web.client.TestRestTemplateContextCustomizer@2dfaea86, org.springframework.boot.test.web.reactive.server.WebTestClientContextCustomizer@3feb2dda, org.springframework.boot.test.context.SpringBootTestArgs@1, org.springframework.boot.test.context.SpringBootTestWebEnvironment@56528192], resourceBasePath = 'src/main/webapp', contextLoader = 'org.springframework.boot.test.context.SpringBootContextLoader', parent = [null]], attributes = map['org.springframework.test.context.web.ServletTestExecutionListener.activateListener' -> true]], class annotated with @DirtiesContext [false] with mode [null].

  .   ____          _            __ _ _
 /\\ / ___'_ __ _ _(_)_ __  __ _ \ \ \ \
( ( )\___ | '_ | '_| | '_ \/ _` | \ \ \ \
 \\/  ___)| |_)| | | | | || (_| |  ) ) ) )
  '  |____| .__|_| |_|_| |_\__, | / / / /
 =========|_|==============|___/=/_/_/_/
 :: Spring Boot ::                (v2.7.5)

2022-11-16 16:14:58.535  INFO 39815 --- [    Test worker] h.d.g.h.HashtagServiceTests              : Starting HashtagServiceTests using Java 1.8.0_352 on Seans-MacBook-Pro-2.local with PID 39815 (started by seanmarinas in /Users/seanmarinas/appetizer/getGoingApp)
2022-11-16 16:14:58.540  INFO 39815 --- [    Test worker] h.d.g.h.HashtagServiceTests              : No active profile set, falling back to 1 default profile: "default"
2022-11-16 16:14:59.559  INFO 39815 --- [    Test worker] .s.d.r.c.RepositoryConfigurationDelegate : Bootstrapping Spring Data JPA repositories in DEFAULT mode.
2022-11-16 16:14:59.927  INFO 39815 --- [    Test worker] .s.d.r.c.RepositoryConfigurationDelegate : Finished Spring Data repository scanning in 355 ms. Found 2 JPA repository interfaces.
2022-11-16 16:15:00.872  INFO 39815 --- [    Test worker] o.hibernate.jpa.internal.util.LogHelper  : HHH000204: Processing PersistenceUnitInfo [name: default]
2022-11-16 16:15:00.953  INFO 39815 --- [    Test worker] org.hibernate.Version                    : HHH000412: Hibernate ORM core version 5.6.12.Final
2022-11-16 16:15:01.201  INFO 39815 --- [    Test worker] o.hibernate.annotations.common.Version   : HCANN000001: Hibernate Commons Annotations {5.1.2.Final}
2022-11-16 16:15:01.332  INFO 39815 --- [    Test worker] com.zaxxer.hikari.HikariDataSource       : HikariPool-1 - Starting...
2022-11-16 16:15:01.453  INFO 39815 --- [    Test worker] com.zaxxer.hikari.HikariDataSource       : HikariPool-1 - Start completed.
2022-11-16 16:15:01.480  INFO 39815 --- [    Test worker] org.hibernate.dialect.Dialect            : HHH000400: Using dialect: org.hibernate.dialect.PostgreSQLDialect
2022-11-16 16:15:02.191  INFO 39815 --- [    Test worker] o.h.e.t.j.p.i.JtaPlatformInitiator       : HHH000490: Using JtaPlatform implementation: [org.hibernate.engine.transaction.jta.platform.internal.NoJtaPlatform]
2022-11-16 16:15:02.202  INFO 39815 --- [    Test worker] j.LocalContainerEntityManagerFactoryBean : Initialized JPA EntityManagerFactory for persistence unit 'default'
2022-11-16 16:15:03.154  WARN 39815 --- [    Test worker] JpaBaseConfiguration$JpaWebConfiguration : spring.jpa.open-in-view is enabled by default. Therefore, database queries may be performed during view rendering. Explicitly configure spring.jpa.open-in-view to disable this warning
2022-11-16 16:15:04.086  INFO 39815 --- [    Test worker] h.d.g.h.HashtagServiceTests              : Started HashtagServiceTests in 5.95 seconds (JVM running for 7.552)
#순진수2022-11-10: 1 0.333333338300387
https://t.co/VfNDDcsmSb

#BL2022-11-10: 1 0.333333338300387
#오메가버스2022-11-10: 1 0.333333338300387
#능글공2022-11-10: 1 0.333333338300387
#계략공2022-11-10: 1 0.333333338300387
]]></system-out>
  <system-err><![CDATA[]]></system-err>
</testsuite>
