<?xml version="1.0" encoding="UTF-8"?>
<testsuite name="hackathon.d2hd.getGoingApp.hashtagServiceTests.HashtagServiceTests" tests="1" skipped="0" failures="0" errors="0" timestamp="2022-11-16T14:37:14" hostname="Seans-MacBook-Pro-2.local" time="2.76">
  <properties/>
  <testcase name="testGetTopicOccurrenceHistory()" classname="hackathon.d2hd.getGoingApp.hashtagServiceTests.HashtagServiceTests" time="2.76"/>
  <system-out><![CDATA[22:37:05.505 [Test worker] DEBUG org.springframework.test.context.BootstrapUtils - Instantiating CacheAwareContextLoaderDelegate from class [org.springframework.test.context.cache.DefaultCacheAwareContextLoaderDelegate]
22:37:05.523 [Test worker] DEBUG org.springframework.test.context.BootstrapUtils - Instantiating BootstrapContext using constructor [public org.springframework.test.context.support.DefaultBootstrapContext(java.lang.Class,org.springframework.test.context.CacheAwareContextLoaderDelegate)]
22:37:05.568 [Test worker] DEBUG org.springframework.test.context.BootstrapUtils - Instantiating TestContextBootstrapper for test class [hackathon.d2hd.getGoingApp.hashtagServiceTests.HashtagServiceTests] from class [org.springframework.boot.test.context.SpringBootTestContextBootstrapper]
22:37:05.586 [Test worker] INFO org.springframework.boot.test.context.SpringBootTestContextBootstrapper - Neither @ContextConfiguration nor @ContextHierarchy found for test class [hackathon.d2hd.getGoingApp.hashtagServiceTests.HashtagServiceTests], using SpringBootContextLoader
22:37:05.595 [Test worker] DEBUG org.springframework.test.context.support.AbstractContextLoader - Did not detect default resource location for test class [hackathon.d2hd.getGoingApp.hashtagServiceTests.HashtagServiceTests]: class path resource [hackathon/d2hd/getGoingApp/hashtagServiceTests/HashtagServiceTests-context.xml] does not exist
22:37:05.596 [Test worker] DEBUG org.springframework.test.context.support.AbstractContextLoader - Did not detect default resource location for test class [hackathon.d2hd.getGoingApp.hashtagServiceTests.HashtagServiceTests]: class path resource [hackathon/d2hd/getGoingApp/hashtagServiceTests/HashtagServiceTestsContext.groovy] does not exist
22:37:05.597 [Test worker] INFO org.springframework.test.context.support.AbstractContextLoader - Could not detect default resource locations for test class [hackathon.d2hd.getGoingApp.hashtagServiceTests.HashtagServiceTests]: no resource found for suffixes {-context.xml, Context.groovy}.
22:37:05.598 [Test worker] INFO org.springframework.test.context.support.AnnotationConfigContextLoaderUtils - Could not detect default configuration classes for test class [hackathon.d2hd.getGoingApp.hashtagServiceTests.HashtagServiceTests]: HashtagServiceTests does not declare any static, non-private, non-final, nested classes annotated with @Configuration.
22:37:05.670 [Test worker] DEBUG org.springframework.test.context.support.ActiveProfilesUtils - Could not find an 'annotation declaring class' for annotation type [org.springframework.test.context.ActiveProfiles] and class [hackathon.d2hd.getGoingApp.hashtagServiceTests.HashtagServiceTests]
22:37:05.736 [Test worker] DEBUG org.springframework.context.annotation.ClassPathScanningCandidateComponentProvider - Identified candidate component class: file [/Users/seanmarinas/appetizer/getGoingApp/build/classes/java/main/hackathon/d2hd/getGoingApp/GetGoingApplication.class]
22:37:05.737 [Test worker] INFO org.springframework.boot.test.context.SpringBootTestContextBootstrapper - Found @SpringBootConfiguration hackathon.d2hd.getGoingApp.GetGoingApplication for test class hackathon.d2hd.getGoingApp.hashtagServiceTests.HashtagServiceTests
22:37:05.849 [Test worker] DEBUG org.springframework.boot.test.context.SpringBootTestContextBootstrapper - @TestExecutionListeners is not present for class [hackathon.d2hd.getGoingApp.hashtagServiceTests.HashtagServiceTests]: using defaults.
22:37:05.849 [Test worker] INFO org.springframework.boot.test.context.SpringBootTestContextBootstrapper - Loaded default TestExecutionListener class names from location [META-INF/spring.factories]: [org.springframework.boot.test.autoconfigure.restdocs.RestDocsTestExecutionListener, org.springframework.boot.test.autoconfigure.web.client.MockRestServiceServerResetTestExecutionListener, org.springframework.boot.test.autoconfigure.web.servlet.MockMvcPrintOnlyOnFailureTestExecutionListener, org.springframework.boot.test.autoconfigure.web.servlet.WebDriverTestExecutionListener, org.springframework.boot.test.autoconfigure.webservices.client.MockWebServiceServerTestExecutionListener, org.springframework.boot.test.mock.mockito.MockitoTestExecutionListener, org.springframework.boot.test.mock.mockito.ResetMocksTestExecutionListener, org.springframework.test.context.web.ServletTestExecutionListener, org.springframework.test.context.support.DirtiesContextBeforeModesTestExecutionListener, org.springframework.test.context.event.ApplicationEventsTestExecutionListener, org.springframework.test.context.support.DependencyInjectionTestExecutionListener, org.springframework.test.context.support.DirtiesContextTestExecutionListener, org.springframework.test.context.transaction.TransactionalTestExecutionListener, org.springframework.test.context.jdbc.SqlScriptsTestExecutionListener, org.springframework.test.context.event.EventPublishingTestExecutionListener]
22:37:05.868 [Test worker] INFO org.springframework.boot.test.context.SpringBootTestContextBootstrapper - Using TestExecutionListeners: [org.springframework.test.context.web.ServletTestExecutionListener@344f4dea, org.springframework.test.context.support.DirtiesContextBeforeModesTestExecutionListener@1b7c473a, org.springframework.test.context.event.ApplicationEventsTestExecutionListener@5e4bd84a, org.springframework.boot.test.mock.mockito.MockitoTestExecutionListener@648c94da, org.springframework.boot.test.autoconfigure.SpringBootDependencyInjectionTestExecutionListener@2a62b5bc, org.springframework.test.context.support.DirtiesContextTestExecutionListener@53de625d, org.springframework.test.context.transaction.TransactionalTestExecutionListener@535779e4, org.springframework.test.context.jdbc.SqlScriptsTestExecutionListener@53fd0d10, org.springframework.test.context.event.EventPublishingTestExecutionListener@6c0d9d86, org.springframework.boot.test.autoconfigure.restdocs.RestDocsTestExecutionListener@4ce1d6d0, org.springframework.boot.test.autoconfigure.web.client.MockRestServiceServerResetTestExecutionListener@24111ef1, org.springframework.boot.test.autoconfigure.web.servlet.MockMvcPrintOnlyOnFailureTestExecutionListener@1f3f02ee, org.springframework.boot.test.autoconfigure.web.servlet.WebDriverTestExecutionListener@1fde5d22, org.springframework.boot.test.autoconfigure.webservices.client.MockWebServiceServerTestExecutionListener@5dcb4f5f, org.springframework.boot.test.mock.mockito.ResetMocksTestExecutionListener@71812481]
22:37:05.873 [Test worker] DEBUG org.springframework.test.context.support.AbstractDirtiesContextTestExecutionListener - Before test class: context [DefaultTestContext@6f3c660a testClass = HashtagServiceTests, testInstance = [null], testMethod = [null], testException = [null], mergedContextConfiguration = [WebMergedContextConfiguration@74f5ce22 testClass = HashtagServiceTests, locations = '{}', classes = '{class hackathon.d2hd.getGoingApp.GetGoingApplication}', contextInitializerClasses = '[]', activeProfiles = '{}', propertySourceLocations = '{}', propertySourceProperties = '{org.springframework.boot.test.context.SpringBootTestContextBootstrapper=true}', contextCustomizers = set[org.springframework.boot.test.autoconfigure.actuate.metrics.MetricsExportContextCustomizerFactory$DisableMetricExportContextCustomizer@6f53b8a, org.springframework.boot.test.autoconfigure.properties.PropertyMappingContextCustomizer@0, org.springframework.boot.test.autoconfigure.web.servlet.WebDriverContextCustomizerFactory$Customizer@5b38c1ec, org.springframework.boot.test.context.filter.ExcludeFilterContextCustomizer@1807e3f6, org.springframework.boot.test.json.DuplicateJsonObjectContextCustomizerFactory$DuplicateJsonObjectContextCustomizer@72c8e7b, org.springframework.boot.test.mock.mockito.MockitoContextCustomizer@0, org.springframework.boot.test.web.client.TestRestTemplateContextCustomizer@5884a914, org.springframework.boot.test.web.reactive.server.WebTestClientContextCustomizer@1a4927d6, org.springframework.boot.test.context.SpringBootTestArgs@1, org.springframework.boot.test.context.SpringBootTestWebEnvironment@56528192], resourceBasePath = 'src/main/webapp', contextLoader = 'org.springframework.boot.test.context.SpringBootContextLoader', parent = [null]], attributes = map['org.springframework.test.context.web.ServletTestExecutionListener.activateListener' -> true]], class annotated with @DirtiesContext [false] with mode [null].

  .   ____          _            __ _ _
 /\\ / ___'_ __ _ _(_)_ __  __ _ \ \ \ \
( ( )\___ | '_ | '_| | '_ \/ _` | \ \ \ \
 \\/  ___)| |_)| | | | | || (_| |  ) ) ) )
  '  |____| .__|_| |_|_| |_\__, | / / / /
 =========|_|==============|___/=/_/_/_/
 :: Spring Boot ::                (v2.7.5)

2022-11-16 22:37:06.254  INFO 48627 --- [    Test worker] h.d.g.h.HashtagServiceTests              : Starting HashtagServiceTests using Java 1.8.0_352 on Seans-MacBook-Pro-2.local with PID 48627 (started by seanmarinas in /Users/seanmarinas/appetizer/getGoingApp)
2022-11-16 22:37:06.260  INFO 48627 --- [    Test worker] h.d.g.h.HashtagServiceTests              : No active profile set, falling back to 1 default profile: "default"
2022-11-16 22:37:07.037  INFO 48627 --- [    Test worker] .s.d.r.c.RepositoryConfigurationDelegate : Bootstrapping Spring Data JPA repositories in DEFAULT mode.
2022-11-16 22:37:07.333  INFO 48627 --- [    Test worker] .s.d.r.c.RepositoryConfigurationDelegate : Finished Spring Data repository scanning in 287 ms. Found 2 JPA repository interfaces.
2022-11-16 22:37:08.118  INFO 48627 --- [    Test worker] o.hibernate.jpa.internal.util.LogHelper  : HHH000204: Processing PersistenceUnitInfo [name: default]
2022-11-16 22:37:08.184  INFO 48627 --- [    Test worker] org.hibernate.Version                    : HHH000412: Hibernate ORM core version 5.6.12.Final
2022-11-16 22:37:08.419  INFO 48627 --- [    Test worker] o.hibernate.annotations.common.Version   : HCANN000001: Hibernate Commons Annotations {5.1.2.Final}
2022-11-16 22:37:08.542  INFO 48627 --- [    Test worker] com.zaxxer.hikari.HikariDataSource       : HikariPool-1 - Starting...
2022-11-16 22:37:11.346  INFO 48627 --- [    Test worker] com.zaxxer.hikari.HikariDataSource       : HikariPool-1 - Start completed.
2022-11-16 22:37:11.369  INFO 48627 --- [    Test worker] org.hibernate.dialect.Dialect            : HHH000400: Using dialect: org.hibernate.dialect.PostgreSQLDialect
2022-11-16 22:37:12.593  INFO 48627 --- [    Test worker] o.h.e.t.j.p.i.JtaPlatformInitiator       : HHH000490: Using JtaPlatform implementation: [org.hibernate.engine.transaction.jta.platform.internal.NoJtaPlatform]
2022-11-16 22:37:12.602  INFO 48627 --- [    Test worker] j.LocalContainerEntityManagerFactoryBean : Initialized JPA EntityManagerFactory for persistence unit 'default'
2022-11-16 22:37:13.702  WARN 48627 --- [    Test worker] JpaBaseConfiguration$JpaWebConfiguration : spring.jpa.open-in-view is enabled by default. Therefore, database queries may be performed during view rendering. Explicitly configure spring.jpa.open-in-view to disable this warning
2022-11-16 22:37:14.561  INFO 48627 --- [    Test worker] h.d.g.h.HashtagServiceTests              : Started HashtagServiceTests in 8.638 seconds (JVM running for 9.948)
[14, 21, 12, 14, 18, 19, 15]
]]></system-out>
  <system-err><![CDATA[]]></system-err>
</testsuite>
