<?xml version="1.0" encoding="UTF-8"?>
<testsuite name="hackathon.d2hd.getGoingApp.GetGoingApplicationTests" tests="1" skipped="0" failures="0" errors="0" timestamp="2022-11-03T06:45:35" hostname="Seans-MacBook-Pro-2.local" time="1.295">
  <properties/>
  <testcase name="testFreemiumWorkflow()" classname="hackathon.d2hd.getGoingApp.GetGoingApplicationTests" time="1.295"/>
  <system-out><![CDATA[14:45:26.721 [Test worker] DEBUG org.springframework.test.context.BootstrapUtils - Instantiating CacheAwareContextLoaderDelegate from class [org.springframework.test.context.cache.DefaultCacheAwareContextLoaderDelegate]
14:45:26.737 [Test worker] DEBUG org.springframework.test.context.BootstrapUtils - Instantiating BootstrapContext using constructor [public org.springframework.test.context.support.DefaultBootstrapContext(java.lang.Class,org.springframework.test.context.CacheAwareContextLoaderDelegate)]
14:45:26.793 [Test worker] DEBUG org.springframework.test.context.BootstrapUtils - Instantiating TestContextBootstrapper for test class [hackathon.d2hd.getGoingApp.GetGoingApplicationTests] from class [org.springframework.boot.test.context.SpringBootTestContextBootstrapper]
14:45:26.812 [Test worker] INFO org.springframework.boot.test.context.SpringBootTestContextBootstrapper - Neither @ContextConfiguration nor @ContextHierarchy found for test class [hackathon.d2hd.getGoingApp.GetGoingApplicationTests], using SpringBootContextLoader
14:45:26.817 [Test worker] DEBUG org.springframework.test.context.support.AbstractContextLoader - Did not detect default resource location for test class [hackathon.d2hd.getGoingApp.GetGoingApplicationTests]: class path resource [hackathon/d2hd/getGoingApp/GetGoingApplicationTests-context.xml] does not exist
14:45:26.819 [Test worker] DEBUG org.springframework.test.context.support.AbstractContextLoader - Did not detect default resource location for test class [hackathon.d2hd.getGoingApp.GetGoingApplicationTests]: class path resource [hackathon/d2hd/getGoingApp/GetGoingApplicationTestsContext.groovy] does not exist
14:45:26.820 [Test worker] INFO org.springframework.test.context.support.AbstractContextLoader - Could not detect default resource locations for test class [hackathon.d2hd.getGoingApp.GetGoingApplicationTests]: no resource found for suffixes {-context.xml, Context.groovy}.
14:45:26.823 [Test worker] INFO org.springframework.test.context.support.AnnotationConfigContextLoaderUtils - Could not detect default configuration classes for test class [hackathon.d2hd.getGoingApp.GetGoingApplicationTests]: GetGoingApplicationTests does not declare any static, non-private, non-final, nested classes annotated with @Configuration.
14:45:26.913 [Test worker] DEBUG org.springframework.test.context.support.ActiveProfilesUtils - Could not find an 'annotation declaring class' for annotation type [org.springframework.test.context.ActiveProfiles] and class [hackathon.d2hd.getGoingApp.GetGoingApplicationTests]
14:45:27.006 [Test worker] DEBUG org.springframework.context.annotation.ClassPathScanningCandidateComponentProvider - Identified candidate component class: file [/Users/seanmarinas/appetizer/getGoingApp/build/classes/java/main/hackathon/d2hd/getGoingApp/GetGoingApplication.class]
14:45:27.007 [Test worker] INFO org.springframework.boot.test.context.SpringBootTestContextBootstrapper - Found @SpringBootConfiguration hackathon.d2hd.getGoingApp.GetGoingApplication for test class hackathon.d2hd.getGoingApp.GetGoingApplicationTests
14:45:27.163 [Test worker] DEBUG org.springframework.boot.test.context.SpringBootTestContextBootstrapper - @TestExecutionListeners is not present for class [hackathon.d2hd.getGoingApp.GetGoingApplicationTests]: using defaults.
14:45:27.164 [Test worker] INFO org.springframework.boot.test.context.SpringBootTestContextBootstrapper - Loaded default TestExecutionListener class names from location [META-INF/spring.factories]: [org.springframework.boot.test.autoconfigure.restdocs.RestDocsTestExecutionListener, org.springframework.boot.test.autoconfigure.web.client.MockRestServiceServerResetTestExecutionListener, org.springframework.boot.test.autoconfigure.web.servlet.MockMvcPrintOnlyOnFailureTestExecutionListener, org.springframework.boot.test.autoconfigure.web.servlet.WebDriverTestExecutionListener, org.springframework.boot.test.autoconfigure.webservices.client.MockWebServiceServerTestExecutionListener, org.springframework.boot.test.mock.mockito.MockitoTestExecutionListener, org.springframework.boot.test.mock.mockito.ResetMocksTestExecutionListener, org.springframework.test.context.web.ServletTestExecutionListener, org.springframework.test.context.support.DirtiesContextBeforeModesTestExecutionListener, org.springframework.test.context.event.ApplicationEventsTestExecutionListener, org.springframework.test.context.support.DependencyInjectionTestExecutionListener, org.springframework.test.context.support.DirtiesContextTestExecutionListener, org.springframework.test.context.transaction.TransactionalTestExecutionListener, org.springframework.test.context.jdbc.SqlScriptsTestExecutionListener, org.springframework.test.context.event.EventPublishingTestExecutionListener]
14:45:27.223 [Test worker] INFO org.springframework.boot.test.context.SpringBootTestContextBootstrapper - Using TestExecutionListeners: [org.springframework.test.context.web.ServletTestExecutionListener@68b32e3e, org.springframework.test.context.support.DirtiesContextBeforeModesTestExecutionListener@bcef303, org.springframework.test.context.event.ApplicationEventsTestExecutionListener@41709512, org.springframework.boot.test.mock.mockito.MockitoTestExecutionListener@42039326, org.springframework.boot.test.autoconfigure.SpringBootDependencyInjectionTestExecutionListener@33308786, org.springframework.test.context.support.DirtiesContextTestExecutionListener@4f9a2c08, org.springframework.test.context.transaction.TransactionalTestExecutionListener@a87f8ec, org.springframework.test.context.jdbc.SqlScriptsTestExecutionListener@5443d039, org.springframework.test.context.event.EventPublishingTestExecutionListener@63787180, org.springframework.boot.test.autoconfigure.restdocs.RestDocsTestExecutionListener@7d1cfb8b, org.springframework.boot.test.autoconfigure.web.client.MockRestServiceServerResetTestExecutionListener@48e92c5c, org.springframework.boot.test.autoconfigure.web.servlet.MockMvcPrintOnlyOnFailureTestExecutionListener@2e1ef60, org.springframework.boot.test.autoconfigure.web.servlet.WebDriverTestExecutionListener@22356acd, org.springframework.boot.test.autoconfigure.webservices.client.MockWebServiceServerTestExecutionListener@386f0da3, org.springframework.boot.test.mock.mockito.ResetMocksTestExecutionListener@39655d3e]
14:45:27.231 [Test worker] DEBUG org.springframework.test.context.support.AbstractDirtiesContextTestExecutionListener - Before test class: context [DefaultTestContext@5dcb4f5f testClass = GetGoingApplicationTests, testInstance = [null], testMethod = [null], testException = [null], mergedContextConfiguration = [WebMergedContextConfiguration@71812481 testClass = GetGoingApplicationTests, locations = '{}', classes = '{class hackathon.d2hd.getGoingApp.GetGoingApplication}', contextInitializerClasses = '[]', activeProfiles = '{}', propertySourceLocations = '{}', propertySourceProperties = '{org.springframework.boot.test.context.SpringBootTestContextBootstrapper=true}', contextCustomizers = set[org.springframework.boot.test.autoconfigure.actuate.metrics.MetricsExportContextCustomizerFactory$DisableMetricExportContextCustomizer@28dcca0c, org.springframework.boot.test.autoconfigure.properties.PropertyMappingContextCustomizer@0, org.springframework.boot.test.autoconfigure.web.servlet.WebDriverContextCustomizerFactory$Customizer@6cb107fd, org.springframework.boot.test.context.filter.ExcludeFilterContextCustomizer@eadd4fb, org.springframework.boot.test.json.DuplicateJsonObjectContextCustomizerFactory$DuplicateJsonObjectContextCustomizer@2a8448fa, org.springframework.boot.test.mock.mockito.MockitoContextCustomizer@0, org.springframework.boot.test.web.client.TestRestTemplateContextCustomizer@d554c5f, org.springframework.boot.test.web.reactive.server.WebTestClientContextCustomizer@6e2829c7, org.springframework.boot.test.context.SpringBootTestArgs@1, org.springframework.boot.test.context.SpringBootTestWebEnvironment@56528192], resourceBasePath = 'src/main/webapp', contextLoader = 'org.springframework.boot.test.context.SpringBootContextLoader', parent = [null]], attributes = map['org.springframework.test.context.web.ServletTestExecutionListener.activateListener' -> true]], class annotated with @DirtiesContext [false] with mode [null].

  .   ____          _            __ _ _
 /\\ / ___'_ __ _ _(_)_ __  __ _ \ \ \ \
( ( )\___ | '_ | '_| | '_ \/ _` | \ \ \ \
 \\/  ___)| |_)| | | | | || (_| |  ) ) ) )
  '  |____| .__|_| |_|_| |_\__, | / / / /
 =========|_|==============|___/=/_/_/_/
 :: Spring Boot ::                (v2.7.5)

2022-11-03 14:45:27.770  INFO 8350 --- [    Test worker] h.d.g.GetGoingApplicationTests           : Starting GetGoingApplicationTests using Java 1.8.0_352 on Seans-MacBook-Pro-2.local with PID 8350 (started by seanmarinas in /Users/seanmarinas/appetizer/getGoingApp)
2022-11-03 14:45:27.772  INFO 8350 --- [    Test worker] h.d.g.GetGoingApplicationTests           : No active profile set, falling back to 1 default profile: "default"
2022-11-03 14:45:28.928  INFO 8350 --- [    Test worker] .s.d.r.c.RepositoryConfigurationDelegate : Bootstrapping Spring Data JPA repositories in DEFAULT mode.
2022-11-03 14:45:29.440  INFO 8350 --- [    Test worker] .s.d.r.c.RepositoryConfigurationDelegate : Finished Spring Data repository scanning in 497 ms. Found 2 JPA repository interfaces.
2022-11-03 14:45:30.794  INFO 8350 --- [    Test worker] o.hibernate.jpa.internal.util.LogHelper  : HHH000204: Processing PersistenceUnitInfo [name: default]
2022-11-03 14:45:30.908  INFO 8350 --- [    Test worker] org.hibernate.Version                    : HHH000412: Hibernate ORM core version 5.6.12.Final
2022-11-03 14:45:31.269  INFO 8350 --- [    Test worker] o.hibernate.annotations.common.Version   : HCANN000001: Hibernate Commons Annotations {5.1.2.Final}
2022-11-03 14:45:31.467  INFO 8350 --- [    Test worker] com.zaxxer.hikari.HikariDataSource       : HikariPool-1 - Starting...
2022-11-03 14:45:31.652  INFO 8350 --- [    Test worker] com.zaxxer.hikari.HikariDataSource       : HikariPool-1 - Start completed.
2022-11-03 14:45:31.712  INFO 8350 --- [    Test worker] org.hibernate.dialect.Dialect            : HHH000400: Using dialect: org.hibernate.dialect.PostgreSQLDialect
2022-11-03 14:45:32.790  INFO 8350 --- [    Test worker] o.h.e.t.j.p.i.JtaPlatformInitiator       : HHH000490: Using JtaPlatform implementation: [org.hibernate.engine.transaction.jta.platform.internal.NoJtaPlatform]
2022-11-03 14:45:32.803  INFO 8350 --- [    Test worker] j.LocalContainerEntityManagerFactoryBean : Initialized JPA EntityManagerFactory for persistence unit 'default'
2022-11-03 14:45:34.059  WARN 8350 --- [    Test worker] JpaBaseConfiguration$JpaWebConfiguration : spring.jpa.open-in-view is enabled by default. Therefore, database queries may be performed during view rendering. Explicitly configure spring.jpa.open-in-view to disable this warning
2022-11-03 14:45:35.512  INFO 8350 --- [    Test worker] h.d.g.GetGoingApplicationTests           : Started GetGoingApplicationTests in 8.226 seconds (JVM running for 9.984)
]]></system-out>
  <system-err><![CDATA[]]></system-err>
</testsuite>
